time="2025-04-21 11:58:57" level=info msg="Connecting to database..."
time="2025-04-21 11:58:57" level=info msg="Database connected successfully"
time="2025-04-21 11:59:19" level=info msg="Connecting to database..."
time="2025-04-21 11:59:19" level=info msg="Database connected successfully"
time="2025-04-21 11:59:27" level=info msg="Connecting to database..."
time="2025-04-21 11:59:27" level=info msg="Database connected successfully"
time="2025-04-21 11:59:27" level=info msg="Weaviate live status: true"
time="2025-04-21 11:59:27" level=info msg="Server starting on port 8088"
time="2025-04-21 12:01:51" level=info msg="OPTIONS /api/v1/auth/login 200 34.101µs" client_ip="::1" latency="34.101µs" method=OPTIONS path=/api/v1/auth/login status=200
time="2025-04-21 12:01:51" level=info msg="POST /api/v1/auth/login 200 3.74073ms" client_ip="::1" latency=3.74073ms method=POST path=/api/v1/auth/login status=200
time="2025-04-21 12:03:08" level=info msg="OPTIONS /api/v1/assistant/chat-stateless 200 4.538µs" client_ip="::1" latency="4.538µs" method=OPTIONS path=/api/v1/assistant/chat-stateless status=200
time="2025-04-21 12:04:02" level=info msg="POST /api/v1/assistant/chat-stateless 200 48.950808249s" client_ip="::1" latency=48.950808249s method=POST path=/api/v1/assistant/chat-stateless status=200
time="2025-04-21 12:06:21" level=info msg="OPTIONS /api/v1/documents/search 200 14.208µs" client_ip="::1" latency="14.208µs" method=OPTIONS path=/api/v1/documents/search status=200
time="2025-04-21 12:06:21" level=info msg="POST /api/v1/documents/search 200 435.777258ms" client_ip="::1" latency=435.777258ms method=POST path=/api/v1/documents/search status=200
time="2025-04-21 12:06:31" level=info msg="OPTIONS /api/v1/documents/search 200 4.742µs" client_ip="::1" latency="4.742µs" method=OPTIONS path=/api/v1/documents/search status=200
time="2025-04-21 12:06:32" level=info msg="POST /api/v1/documents/search 200 82.041445ms" client_ip="::1" latency=82.041445ms method=POST path=/api/v1/documents/search status=200
time="2025-04-21 12:07:03" level=info msg="OPTIONS /api/v1/documents/ask-ai 200 4.631µs" client_ip="::1" latency="4.631µs" method=OPTIONS path=/api/v1/documents/ask-ai status=200
time="2025-04-21 12:07:40" level=info msg="POST /api/v1/documents/ask-ai 200 34.533155811s" client_ip="::1" latency=34.533155811s method=POST path=/api/v1/documents/ask-ai status=200
time="2025-04-21 12:08:44" level=info msg="Starting graceful shutdown..."
time="2025-04-21 12:08:44" level=info msg="Disconnecting from database..."
time="2025-04-21 12:08:44" level=info msg="Graceful shutdown completed"
time="2025-04-21 12:10:29" level=info msg="Connecting to database..."
time="2025-04-21 12:10:29" level=info msg="Database connected successfully"
time="2025-04-21 12:10:29" level=info msg="Weaviate live status: true"
time="2025-04-21 12:10:29" level=info msg="Server starting on port 8088"
time="2025-04-21 12:10:30" level=info msg="OPTIONS /api/v1/documents/ask-ai 200 29.185µs" client_ip="::1" latency="29.185µs" method=OPTIONS path=/api/v1/documents/ask-ai status=200
time="2025-04-21 12:11:14" level=info msg="POST /api/v1/documents/ask-ai 200 40.236091467s" client_ip="::1" latency=40.236091467s method=POST path=/api/v1/documents/ask-ai status=200
time="2025-04-21 12:15:28" level=info msg="Starting graceful shutdown..."
time="2025-04-21 12:15:28" level=info msg="Disconnecting from database..."
time="2025-04-21 12:15:28" level=info msg="Graceful shutdown completed"
time="2025-04-21 12:15:29" level=info msg="Connecting to database..."
time="2025-04-21 12:15:29" level=info msg="Database connected successfully"
time="2025-04-21 12:15:29" level=info msg="Weaviate live status: true"
time="2025-04-21 12:15:29" level=info msg="Server starting on port 8088"
time="2025-04-21 12:15:41" level=info msg="OPTIONS /api/v1/documents/ask-ai 200 31.097µs" client_ip="::1" latency="31.097µs" method=OPTIONS path=/api/v1/documents/ask-ai status=200
time="2025-04-21 12:16:23" level=info msg="POST /api/v1/documents/ask-ai 200 38.542625152s" client_ip="::1" latency=38.542625152s method=POST path=/api/v1/documents/ask-ai status=200
time="2025-04-21 12:19:05" level=info msg="Starting graceful shutdown..."
time="2025-04-21 12:19:05" level=info msg="Disconnecting from database..."
time="2025-04-21 12:19:05" level=info msg="Graceful shutdown completed"
time="2025-04-21 12:19:07" level=info msg="Connecting to database..."
time="2025-04-21 12:19:07" level=info msg="Database connected successfully"
time="2025-04-21 12:19:07" level=info msg="Weaviate live status: true"
time="2025-04-21 12:19:07" level=info msg="Server starting on port 8088"
time="2025-04-21 12:19:13" level=info msg="OPTIONS /api/v1/documents/ask-ai 200 34.666µs" client_ip="::1" latency="34.666µs" method=OPTIONS path=/api/v1/documents/ask-ai status=200
time="2025-04-21 12:19:53" level=info msg="POST /api/v1/documents/ask-ai 200 37.296785203s" client_ip="::1" latency=37.296785203s method=POST path=/api/v1/documents/ask-ai status=200
time="2025-04-21 12:20:49" level=info msg="Starting graceful shutdown..."
time="2025-04-21 12:20:49" level=info msg="Disconnecting from database..."
time="2025-04-21 12:20:49" level=info msg="Graceful shutdown completed"
time="2025-04-21 12:20:51" level=info msg="Connecting to database..."
time="2025-04-21 12:20:51" level=info msg="Database connected successfully"
time="2025-04-21 12:20:51" level=info msg="Weaviate live status: true"
time="2025-04-21 12:20:51" level=info msg="Server starting on port 8088"
time="2025-04-21 12:21:32" level=info msg="OPTIONS /api/v1/documents/ask-ai 200 38.03µs" client_ip="::1" latency="38.03µs" method=OPTIONS path=/api/v1/documents/ask-ai status=200
time="2025-04-21 12:22:14" level=info msg="POST /api/v1/documents/ask-ai 200 39.236999137s" client_ip="::1" latency=39.236999137s method=POST path=/api/v1/documents/ask-ai status=200
time="2025-04-21 12:22:50" level=info msg="OPTIONS /api/v1/documents/ask-ai 200 5.575µs" client_ip="::1" latency="5.575µs" method=OPTIONS path=/api/v1/documents/ask-ai status=200
time="2025-04-21 12:23:28" level=info msg="POST /api/v1/documents/ask-ai 200 34.530212189s" client_ip="::1" latency=34.530212189s method=POST path=/api/v1/documents/ask-ai status=200
time="2025-04-21 12:23:47" level=info msg="Starting graceful shutdown..."
time="2025-04-21 12:23:47" level=info msg="Disconnecting from database..."
time="2025-04-21 12:23:47" level=info msg="Graceful shutdown completed"
time="2025-04-21 12:24:09" level=info msg="Connecting to database..."
time="2025-04-21 12:24:09" level=info msg="Database connected successfully"
time="2025-04-21 12:24:09" level=info msg="Weaviate live status: true"
time="2025-04-21 12:24:09" level=info msg="Server starting on port 8088"
time="2025-04-21 12:24:36" level=info msg="OPTIONS /api/v1/documents/ask-ai 200 79.549µs" client_ip="::1" latency="79.549µs" method=OPTIONS path=/api/v1/documents/ask-ai status=200
time="2025-04-21 12:25:16" level=info msg="POST /api/v1/documents/ask-ai 200 37.260386879s" client_ip="::1" latency=37.260386879s method=POST path=/api/v1/documents/ask-ai status=200
time="2025-04-21 12:26:10" level=info msg="Starting graceful shutdown..."
time="2025-04-21 12:26:10" level=info msg="Disconnecting from database..."
time="2025-04-21 12:26:10" level=info msg="Graceful shutdown completed"
time="2025-04-21 12:26:11" level=info msg="Connecting to database..."
time="2025-04-21 12:26:11" level=info msg="Database connected successfully"
time="2025-04-21 12:26:11" level=info msg="Weaviate live status: true"
time="2025-04-21 12:26:11" level=info msg="Server starting on port 8088"
time="2025-04-21 12:26:31" level=info msg="OPTIONS /api/v1/assistant/chat-stateless 200 39.214µs" client_ip="::1" latency="39.214µs" method=OPTIONS path=/api/v1/assistant/chat-stateless status=200
time="2025-04-21 12:27:23" level=info msg="POST /api/v1/assistant/chat-stateless 200 46.026839926s" client_ip="::1" latency=46.026839926s method=POST path=/api/v1/assistant/chat-stateless status=200
time="2025-04-21 12:27:38" level=info msg="OPTIONS /api/v1/assistant/chat-stateless 200 21.211µs" client_ip="::1" latency="21.211µs" method=OPTIONS path=/api/v1/assistant/chat-stateless status=200
time="2025-04-21 12:28:32" level=info msg="POST /api/v1/assistant/chat-stateless 200 47.971925321s" client_ip="::1" latency=47.971925321s method=POST path=/api/v1/assistant/chat-stateless status=200
time="2025-04-21 12:29:17" level=info msg="OPTIONS /api/v1/documents/search 200 7.316µs" client_ip="::1" latency="7.316µs" method=OPTIONS path=/api/v1/documents/search status=200
time="2025-04-21 12:29:17" level=info msg="POST /api/v1/documents/search 200 72.276524ms" client_ip="::1" latency=72.276524ms method=POST path=/api/v1/documents/search status=200
time="2025-04-21 12:29:40" level=info msg="OPTIONS /api/v1/documents/ask-ai 200 4.439µs" client_ip="::1" latency="4.439µs" method=OPTIONS path=/api/v1/documents/ask-ai status=200
time="2025-04-21 12:30:22" level=info msg="POST /api/v1/documents/ask-ai 200 39.512088061s" client_ip="::1" latency=39.512088061s method=POST path=/api/v1/documents/ask-ai status=200
time="2025-04-21 12:30:54" level=info msg="OPTIONS /api/v1/documents/ask-ai 200 7.929µs" client_ip="::1" latency="7.929µs" method=OPTIONS path=/api/v1/documents/ask-ai status=200
time="2025-04-21 12:31:28" level=info msg="POST /api/v1/documents/ask-ai 200 31.807019381s" client_ip="::1" latency=31.807019381s method=POST path=/api/v1/documents/ask-ai status=200
time="2025-04-21 12:33:22" level=info msg="OPTIONS /api/v1/documents/search 200 4.374µs" client_ip="::1" latency="4.374µs" method=OPTIONS path=/api/v1/documents/search status=200
time="2025-04-21 12:33:22" level=info msg="POST /api/v1/documents/search 200 29.482639ms" client_ip="::1" latency=29.482639ms method=POST path=/api/v1/documents/search status=200
time="2025-04-21 12:34:06" level=info msg="OPTIONS /api/v1/documents/search 200 4.834µs" client_ip="::1" latency="4.834µs" method=OPTIONS path=/api/v1/documents/search status=200
time="2025-04-21 12:34:06" level=info msg="POST /api/v1/documents/search 200 54.906556ms" client_ip="::1" latency=54.906556ms method=POST path=/api/v1/documents/search status=200
time="2025-04-21 12:34:41" level=info msg="OPTIONS /api/v1/documents/search 200 5.069µs" client_ip="::1" latency="5.069µs" method=OPTIONS path=/api/v1/documents/search status=200
time="2025-04-21 12:34:41" level=info msg="POST /api/v1/documents/search 200 39.733186ms" client_ip="::1" latency=39.733186ms method=POST path=/api/v1/documents/search status=200
time="2025-04-21 12:34:58" level=info msg="OPTIONS /api/v1/documents/search 200 6.33µs" client_ip="::1" latency="6.33µs" method=OPTIONS path=/api/v1/documents/search status=200
time="2025-04-21 12:34:58" level=info msg="POST /api/v1/documents/search 200 69.557095ms" client_ip="::1" latency=69.557095ms method=POST path=/api/v1/documents/search status=200
time="2025-04-21 12:35:22" level=info msg="OPTIONS /api/v1/documents/ask-ai 200 5.931µs" client_ip="::1" latency="5.931µs" method=OPTIONS path=/api/v1/documents/ask-ai status=200
time="2025-04-21 12:35:59" level=info msg="POST /api/v1/documents/ask-ai 200 34.57150756s" client_ip="::1" latency=34.57150756s method=POST path=/api/v1/documents/ask-ai status=200
time="2025-04-21 12:37:17" level=info msg="Starting graceful shutdown..."
time="2025-04-21 12:37:17" level=info msg="Disconnecting from database..."
time="2025-04-21 12:37:17" level=info msg="Graceful shutdown completed"
time="2025-04-21 12:37:19" level=info msg="Connecting to database..."
time="2025-04-21 12:37:19" level=info msg="Database connected successfully"
time="2025-04-21 12:37:19" level=info msg="Weaviate live status: true"
time="2025-04-21 12:37:19" level=info msg="Server starting on port 8088"
time="2025-04-21 12:37:21" level=info msg="OPTIONS /api/v1/documents/ask-ai 200 34.119µs" client_ip="::1" latency="34.119µs" method=OPTIONS path=/api/v1/documents/ask-ai status=200
time="2025-04-21 12:38:01" level=info msg="POST /api/v1/documents/ask-ai 200 36.841780245s" client_ip="::1" latency=36.841780245s method=POST path=/api/v1/documents/ask-ai status=200
time="2025-04-21 12:39:17" level=info msg="Starting graceful shutdown..."
time="2025-04-21 12:39:17" level=info msg="Disconnecting from database..."
time="2025-04-21 12:39:17" level=info msg="Graceful shutdown completed"
time="2025-04-21 12:39:20" level=info msg="Connecting to database..."
time="2025-04-21 12:39:20" level=info msg="Database connected successfully"
time="2025-04-21 12:39:20" level=info msg="Weaviate live status: true"
time="2025-04-21 12:39:20" level=info msg="Server starting on port 8088"
time="2025-04-21 12:39:33" level=info msg="OPTIONS /api/v1/documents/ask-ai 200 36.093µs" client_ip="::1" latency="36.093µs" method=OPTIONS path=/api/v1/documents/ask-ai status=200
time="2025-04-21 12:40:03" level=info msg="POST /api/v1/documents/ask-ai 200 27.0212891s" client_ip="::1" latency=27.0212891s method=POST path=/api/v1/documents/ask-ai status=200
time="2025-04-21 12:40:45" level=info msg="OPTIONS /api/v1/documents/ask-ai 200 4.567µs" client_ip="::1" latency="4.567µs" method=OPTIONS path=/api/v1/documents/ask-ai status=200
time="2025-04-21 12:41:16" level=info msg="POST /api/v1/documents/ask-ai 200 27.615500851s" client_ip="::1" latency=27.615500851s method=POST path=/api/v1/documents/ask-ai status=200
time="2025-04-21 12:42:51" level=info msg="Starting graceful shutdown..."
time="2025-04-21 12:42:51" level=info msg="Disconnecting from database..."
time="2025-04-21 12:42:51" level=info msg="Graceful shutdown completed"
time="2025-04-21 12:42:52" level=info msg="Connecting to database..."
time="2025-04-21 12:42:52" level=info msg="Database connected successfully"
time="2025-04-21 12:42:52" level=info msg="Weaviate live status: true"
time="2025-04-21 12:42:52" level=info msg="Server starting on port 8088"
time="2025-04-21 12:42:59" level=info msg="OPTIONS /api/v1/documents/ask-ai 200 34.055µs" client_ip="::1" latency="34.055µs" method=OPTIONS path=/api/v1/documents/ask-ai status=200
time="2025-04-21 12:43:14" level=info msg="POST /api/v1/documents/ask-ai 200 11.763211709s" client_ip="::1" latency=11.763211709s method=POST path=/api/v1/documents/ask-ai status=200
time="2025-04-21 12:43:29" level=info msg="OPTIONS /api/v1/documents/search 200 7.13µs" client_ip="::1" latency="7.13µs" method=OPTIONS path=/api/v1/documents/search status=200
time="2025-04-21 12:43:29" level=info msg="POST /api/v1/documents/search 200 37.446845ms" client_ip="::1" latency=37.446845ms method=POST path=/api/v1/documents/search status=200
time="2025-04-21 12:43:32" level=info msg="OPTIONS /api/v1/documents/ask-ai 200 4.162µs" client_ip="::1" latency="4.162µs" method=OPTIONS path=/api/v1/documents/ask-ai status=200
time="2025-04-21 12:43:38" level=info msg="POST /api/v1/documents/ask-ai 200 6.513849074s" client_ip="::1" latency=6.513849074s method=POST path=/api/v1/documents/ask-ai status=200
time="2025-04-21 12:43:53" level=info msg="OPTIONS /api/v1/documents/ask-ai 200 4.134µs" client_ip="::1" latency="4.134µs" method=OPTIONS path=/api/v1/documents/ask-ai status=200
time="2025-04-21 12:44:04" level=info msg="POST /api/v1/documents/ask-ai 200 11.036752669s" client_ip="::1" latency=11.036752669s method=POST path=/api/v1/documents/ask-ai status=200
time="2025-04-21 12:44:30" level=info msg="OPTIONS /api/v1/documents/view?path=Cau+truc+du+lieu+va+giai+thuat.pdf 200 4.456µs" client_ip="::1" latency="4.456µs" method=OPTIONS path="/api/v1/documents/view?path=Cau+truc+du+lieu+va+giai+thuat.pdf" status=200
time="2025-04-21 12:44:30" level=info msg="GET /api/v1/documents/view?path=Cau+truc+du+lieu+va+giai+thuat.pdf 200 9.936094ms" client_ip="::1" latency=9.936094ms method=GET path="/api/v1/documents/view?path=Cau+truc+du+lieu+va+giai+thuat.pdf" status=200
time="2025-04-21 12:46:26" level=info msg="OPTIONS /api/v1/auth/login 200 6.381µs" client_ip="::1" latency="6.381µs" method=OPTIONS path=/api/v1/auth/login status=200
time="2025-04-21 12:46:26" level=info msg="POST /api/v1/auth/login 200 2.575937ms" client_ip="::1" latency=2.575937ms method=POST path=/api/v1/auth/login status=200
time="2025-04-21 12:46:35" level=info msg="OPTIONS /api/v1/assistant/chat-stateless 200 7.057µs" client_ip="::1" latency="7.057µs" method=OPTIONS path=/api/v1/assistant/chat-stateless status=200
time="2025-04-21 12:46:37" level=info msg="POST /api/v1/assistant/chat-stateless 200 1.480633345s" client_ip="::1" latency=1.480633345s method=POST path=/api/v1/assistant/chat-stateless status=200
time="2025-04-21 12:47:20" level=info msg="OPTIONS /api/v1/assistant/chat-stateless 200 7.669µs" client_ip="::1" latency="7.669µs" method=OPTIONS path=/api/v1/assistant/chat-stateless status=200
time="2025-04-21 12:48:19" level=info msg="POST /api/v1/assistant/chat-stateless 200 55.840918616s" client_ip="::1" latency=55.840918616s method=POST path=/api/v1/assistant/chat-stateless status=200
time="2025-04-21 12:49:33" level=info msg="OPTIONS /api/v1/documents/search 200 6.357µs" client_ip="::1" latency="6.357µs" method=OPTIONS path=/api/v1/documents/search status=200
time="2025-04-21 12:49:33" level=info msg="POST /api/v1/documents/search 200 202.770053ms" client_ip="::1" latency=202.770053ms method=POST path=/api/v1/documents/search status=200
time="2025-04-21 12:50:04" level=info msg="OPTIONS /api/v1/documents/ask-ai 200 4.101µs" client_ip="::1" latency="4.101µs" method=OPTIONS path=/api/v1/documents/ask-ai status=200
time="2025-04-21 12:50:35" level=info msg="POST /api/v1/documents/ask-ai 200 27.352597658s" client_ip="::1" latency=27.352597658s method=POST path=/api/v1/documents/ask-ai status=200
time="2025-04-21 12:51:02" level=info msg="OPTIONS /api/v1/documents/view?path=Cau+truc+du+lieu+va+giai+thuat.pdf 200 4.429µs" client_ip="::1" latency="4.429µs" method=OPTIONS path="/api/v1/documents/view?path=Cau+truc+du+lieu+va+giai+thuat.pdf" status=200
time="2025-04-21 12:51:02" level=info msg="GET /api/v1/documents/view?path=Cau+truc+du+lieu+va+giai+thuat.pdf 200 3.730625ms" client_ip="::1" latency=3.730625ms method=GET path="/api/v1/documents/view?path=Cau+truc+du+lieu+va+giai+thuat.pdf" status=200
