time="2025-04-18 07:18:04" level=info msg="Connecting to database..."
time="2025-04-18 07:18:04" level=info msg="Database connected successfully"
time="2025-04-18 07:18:05" level=info msg="Weaviate live status: true"
time="2025-04-18 07:18:06" level=info msg="Server starting on port 8088"
time="2025-04-18 07:18:20" level=info msg="GET /swagger/index.html 200 361.442µs" client_ip="::1" latency="361.442µs" method=GET path=/swagger/index.html status=200
time="2025-04-18 07:18:20" level=info msg="GET /swagger/swagger-ui.css 200 252.542µs" client_ip="::1" latency="252.542µs" method=GET path=/swagger/swagger-ui.css status=200
time="2025-04-18 07:18:20" level=info msg="GET /swagger/swagger-ui-bundle.js 200 640.75µs" client_ip="::1" latency="640.75µs" method=GET path=/swagger/swagger-ui-bundle.js status=200
time="2025-04-18 07:18:20" level=info msg="GET /swagger/swagger-ui-standalone-preset.js 200 401.225µs" client_ip="::1" latency="401.225µs" method=GET path=/swagger/swagger-ui-standalone-preset.js status=200
time="2025-04-18 07:18:20" level=info msg="GET /swagger/favicon-32x32.png 200 42.809µs" client_ip="::1" latency="42.809µs" method=GET path=/swagger/favicon-32x32.png status=200
time="2025-04-18 07:18:20" level=info msg="GET /swagger/doc.json 200 338.159µs" client_ip="::1" latency="338.159µs" method=GET path=/swagger/doc.json status=200
time="2025-04-18 07:18:51" level=info msg="POST /api/v1/auth/login 200 3.944142ms" client_ip="::1" latency=3.944142ms method=POST path=/api/v1/auth/login status=200
time="2025-04-18 07:20:09" level=warning msg="POST /api/v1/documents/upload 400 34.129994595s" client_ip="::1" latency=34.129994595s method=POST path=/api/v1/documents/upload status=400
time="2025-04-18 07:47:04" level=info msg="Connecting to database..."
time="2025-04-18 07:47:04" level=info msg="Database connected successfully"
time="2025-04-18 07:47:05" level=info msg="Weaviate live status: true"
time="2025-04-18 07:47:05" level=info msg="Server starting on port 8088"
time="2025-04-18 07:47:23" level=info msg="GET /swagger/index.html 200 209.128µs" client_ip="::1" latency="209.128µs" method=GET path=/swagger/index.html status=200
time="2025-04-18 07:47:23" level=info msg="GET /swagger/swagger-ui.css 200 149.336µs" client_ip="::1" latency="149.336µs" method=GET path=/swagger/swagger-ui.css status=200
time="2025-04-18 07:47:23" level=info msg="GET /swagger/swagger-ui-bundle.js 200 508.571µs" client_ip="::1" latency="508.571µs" method=GET path=/swagger/swagger-ui-bundle.js status=200
time="2025-04-18 07:47:23" level=info msg="GET /swagger/swagger-ui-standalone-preset.js 200 375.025µs" client_ip="::1" latency="375.025µs" method=GET path=/swagger/swagger-ui-standalone-preset.js status=200
time="2025-04-18 07:47:23" level=info msg="GET /swagger/favicon-32x32.png 200 30.715µs" client_ip="::1" latency="30.715µs" method=GET path=/swagger/favicon-32x32.png status=200
time="2025-04-18 07:47:23" level=info msg="GET /swagger/doc.json 200 243.212µs" client_ip="::1" latency="243.212µs" method=GET path=/swagger/doc.json status=200
time="2025-04-18 07:48:10" level=info msg="Starting graceful shutdown..."
time="2025-04-18 07:48:10" level=info msg="Disconnecting from database..."
time="2025-04-18 07:48:10" level=info msg="Graceful shutdown completed"
time="2025-04-18 07:48:16" level=info msg="Connecting to database..."
time="2025-04-18 07:48:16" level=info msg="Database connected successfully"
time="2025-04-18 07:48:16" level=info msg="Weaviate live status: true"
time="2025-04-18 07:48:16" level=info msg="Server starting on port 8088"
time="2025-04-18 07:48:18" level=info msg="GET /swagger/index.html 200 292.9µs" client_ip="::1" latency="292.9µs" method=GET path=/swagger/index.html status=200
time="2025-04-18 07:48:18" level=info msg="GET /swagger/swagger-ui.css 200 112.413µs" client_ip="::1" latency="112.413µs" method=GET path=/swagger/swagger-ui.css status=200
time="2025-04-18 07:48:18" level=info msg="GET /swagger/swagger-ui-bundle.js 200 416.629µs" client_ip="::1" latency="416.629µs" method=GET path=/swagger/swagger-ui-bundle.js status=200
time="2025-04-18 07:48:18" level=info msg="GET /swagger/swagger-ui-standalone-preset.js 200 245.985µs" client_ip="::1" latency="245.985µs" method=GET path=/swagger/swagger-ui-standalone-preset.js status=200
time="2025-04-18 07:48:18" level=info msg="GET /swagger/favicon-32x32.png 200 43.604µs" client_ip="::1" latency="43.604µs" method=GET path=/swagger/favicon-32x32.png status=200
time="2025-04-18 07:48:18" level=info msg="GET /swagger/doc.json 200 247.733µs" client_ip="::1" latency="247.733µs" method=GET path=/swagger/doc.json status=200
time="2025-04-18 07:48:52" level=warning msg="POST /api/v1/documents/upload 401 30.984µs" client_ip="::1" latency="30.984µs" method=POST path=/api/v1/documents/upload status=401
time="2025-04-18 07:48:52" level=warning msg="POST /api/v1/documents/upload 401 7.975µs" client_ip="::1" latency="7.975µs" method=POST path=/api/v1/documents/upload status=401
time="2025-04-18 07:48:52" level=warning msg="POST /api/v1/documents/upload 401 11.183µs" client_ip="::1" latency="11.183µs" method=POST path=/api/v1/documents/upload status=401
time="2025-04-18 07:48:52" level=warning msg="POST /api/v1/documents/upload 401 51.333µs" client_ip="::1" latency="51.333µs" method=POST path=/api/v1/documents/upload status=401
time="2025-04-18 07:48:58" level=warning msg="POST /api/v1/documents/upload 401 39.2µs" client_ip="::1" latency="39.2µs" method=POST path=/api/v1/documents/upload status=401
time="2025-04-18 07:49:17" level=info msg="POST /api/v1/auth/login 200 2.70765ms" client_ip="::1" latency=2.70765ms method=POST path=/api/v1/auth/login status=200
time="2025-04-18 07:49:50" level=warning msg="POST /api/v1/documents/upload 400 168.282744ms" client_ip="::1" latency=168.282744ms method=POST path=/api/v1/documents/upload status=400
time="2025-04-18 07:51:08" level=info msg="Starting graceful shutdown..."
time="2025-04-18 07:51:08" level=info msg="Disconnecting from database..."
time="2025-04-18 07:51:08" level=info msg="Graceful shutdown completed"
time="2025-04-18 07:51:13" level=info msg="Connecting to database..."
time="2025-04-18 07:51:13" level=info msg="Database connected successfully"
time="2025-04-18 07:51:13" level=info msg="Weaviate live status: true"
time="2025-04-18 07:51:13" level=info msg="Server starting on port 8088"
time="2025-04-18 07:51:27" level=info msg="GET /swagger/index.html 200 202µs" client_ip="::1" latency="202µs" method=GET path=/swagger/index.html status=200
time="2025-04-18 07:51:27" level=info msg="GET /swagger/swagger-ui.css 200 235.6µs" client_ip="::1" latency="235.6µs" method=GET path=/swagger/swagger-ui.css status=200
time="2025-04-18 07:51:27" level=info msg="GET /swagger/swagger-ui-bundle.js 200 511µs" client_ip="::1" latency="511µs" method=GET path=/swagger/swagger-ui-bundle.js status=200
time="2025-04-18 07:51:27" level=info msg="GET /swagger/swagger-ui-standalone-preset.js 200 492.2µs" client_ip="::1" latency="492.2µs" method=GET path=/swagger/swagger-ui-standalone-preset.js status=200
time="2025-04-18 07:51:27" level=info msg="GET /swagger/favicon-32x32.png 200 26.4µs" client_ip="::1" latency="26.4µs" method=GET path=/swagger/favicon-32x32.png status=200
time="2025-04-18 07:51:27" level=info msg="GET /swagger/doc.json 200 268.9µs" client_ip="::1" latency="268.9µs" method=GET path=/swagger/doc.json status=200
time="2025-04-18 08:10:35" level=error msg="POST /api/v1/documents/upload 500 100.637793ms" client_ip="::1" latency=100.637793ms method=POST path=/api/v1/documents/upload status=500
time="2025-04-18 08:10:56" level=info msg="Starting graceful shutdown..."
time="2025-04-18 08:10:56" level=info msg="Disconnecting from database..."
time="2025-04-18 08:10:56" level=info msg="Graceful shutdown completed"
time="2025-04-18 08:11:42" level=info msg="Connecting to database..."
time="2025-04-18 08:11:42" level=info msg="Database connected successfully"
time="2025-04-18 08:11:43" level=info msg="Weaviate live status: true"
time="2025-04-18 08:11:43" level=info msg="Server starting on port 8088"
time="2025-04-18 08:12:59" level=info msg="Connecting to database..."
time="2025-04-18 08:12:59" level=info msg="Database connected successfully"
time="2025-04-18 08:12:59" level=info msg="Weaviate live status: true"
time="2025-04-18 08:12:59" level=info msg="Server starting on port 8088"
time="2025-04-18 08:14:25" level=info msg="Connecting to database..."
time="2025-04-18 08:14:25" level=info msg="Database connected successfully"
time="2025-04-18 08:14:25" level=info msg="Weaviate live status: true"
time="2025-04-18 08:14:25" level=info msg="Server starting on port 8088"
time="2025-04-18 08:16:04" level=info msg="Connecting to database..."
time="2025-04-18 08:16:04" level=info msg="Database connected successfully"
time="2025-04-18 08:16:05" level=info msg="Weaviate live status: true"
time="2025-04-18 08:16:05" level=info msg="Server starting on port 8088"
time="2025-04-18 08:37:07" level=info msg="POST /api/v1/documents/upload 200 20m17.821912716s" client_ip="::1" latency=20m17.821912716s method=POST path=/api/v1/documents/upload status=200
time="2025-04-18 08:41:31" level=info msg="Connecting to database..."
time="2025-04-18 08:41:31" level=info msg="Database connected successfully"
time="2025-04-18 08:41:32" level=info msg="Weaviate live status: true"
time="2025-04-18 08:41:32" level=info msg="Server starting on port 8088"
time="2025-04-18 08:41:37" level=info msg="POST /api/v1/documents/search 200 960.537436ms" client_ip="::1" latency=960.537436ms method=POST path=/api/v1/documents/search status=200
time="2025-04-18 08:43:01" level=warning msg="POST /api/v1/documents/ask-ai 400 173.519µs" client_ip="::1" latency="173.519µs" method=POST path=/api/v1/documents/ask-ai status=400
time="2025-04-18 08:43:26" level=warning msg="POST /api/v1/documents/ask-ai 400 136.3µs" client_ip="::1" latency="136.3µs" method=POST path=/api/v1/documents/ask-ai status=400
time="2025-04-18 08:44:20" level=info msg="POST /api/v1/documents/ask-ai 200 43.72669169s" client_ip="::1" latency=43.72669169s method=POST path=/api/v1/documents/ask-ai status=200
time="2025-04-18 08:44:50" level=info msg="POST /api/v1/documents/ask-ai 200 5.566114652s" client_ip="::1" latency=5.566114652s method=POST path=/api/v1/documents/ask-ai status=200
time="2025-04-18 08:46:57" level=info msg="Connecting to database..."
time="2025-04-18 08:46:57" level=info msg="Database connected successfully"
time="2025-04-18 08:46:58" level=info msg="Weaviate live status: true"
time="2025-04-18 08:46:58" level=info msg="Server starting on port 8088"
time="2025-04-18 08:47:05" level=info msg="POST /api/v1/documents/ask-ai 200 6.855832339s" client_ip="::1" latency=6.855832339s method=POST path=/api/v1/documents/ask-ai status=200
time="2025-04-18 08:49:49" level=info msg="Connecting to database..."
time="2025-04-18 08:49:49" level=info msg="Database connected successfully"
time="2025-04-18 08:49:49" level=info msg="Weaviate live status: true"
time="2025-04-18 08:49:49" level=info msg="Server starting on port 8088"
time="2025-04-18 08:50:00" level=info msg="POST /api/v1/documents/ask-ai 200 7.404595715s" client_ip="::1" latency=7.404595715s method=POST path=/api/v1/documents/ask-ai status=200
time="2025-04-18 08:51:10" level=info msg="POST /api/v1/documents/ask-ai 200 3.497765174s" client_ip="::1" latency=3.497765174s method=POST path=/api/v1/documents/ask-ai status=200
time="2025-04-18 08:53:15" level=info msg="Connecting to database..."
time="2025-04-18 08:53:15" level=info msg="Database connected successfully"
time="2025-04-18 08:53:16" level=info msg="Weaviate live status: true"
time="2025-04-18 08:53:16" level=info msg="Server starting on port 8088"
time="2025-04-18 09:04:36" level=info msg="POST /api/v1/documents/upload 200 2m42.801062201s" client_ip="::1" latency=2m42.801062201s method=POST path=/api/v1/documents/upload status=200
time="2025-04-18 09:06:17" level=info msg="POST /api/v1/documents/ask-ai 200 4.801567644s" client_ip="::1" latency=4.801567644s method=POST path=/api/v1/documents/ask-ai status=200
time="2025-04-18 09:07:41" level=info msg="Starting graceful shutdown..."
time="2025-04-18 09:07:41" level=info msg="Disconnecting from database..."
time="2025-04-18 09:07:41" level=info msg="Graceful shutdown completed"
