time="2025-04-06 14:34:34" level=info msg="Connecting to database..."
time="2025-04-06 14:34:34" level=info msg="Database connected successfully"
time="2025-04-06 14:34:34" level=info msg="Server starting on port 8088"
time="2025-04-06 14:37:09" level=info msg="Connecting to database..."
time="2025-04-06 14:37:09" level=info msg="Database connected successfully"
time="2025-04-06 14:37:09" level=info msg="Server starting on port 8088"
time="2025-04-06 14:37:11" level=warning msg="POST /api/v1/auth/login 401 1.739296ms" client_ip="::1" latency=1.739296ms method=POST path=/api/v1/auth/login status=401
time="2025-04-06 14:38:59" level=info msg="POST /api/v1/auth/login 200 1.840635ms" client_ip="::1" latency=1.840635ms method=POST path=/api/v1/auth/login status=200
time="2025-04-06 14:39:55" level=info msg="GET /api/v1/users/workspace 200 2.803429891s" client_ip="::1" latency=2.803429891s method=GET path=/api/v1/users/workspace status=200
time="2025-04-06 14:40:27" level=info msg="GET /api/v1/users/me 200 1.523445ms" client_ip="::1" latency=1.523445ms method=GET path=/api/v1/users/me status=200
time="2025-04-06 14:40:50" level=warning msg="GET /api/v1/tasks/filter?page=1&limit=10 400 5.037325ms" client_ip="::1" latency=5.037325ms method=GET path="/api/v1/tasks/filter?page=1&limit=10" status=400
time="2025-04-06 14:40:54" level=warning msg="GET /api/v1/tasks/filter?page=1&limit=10 400 4.888273ms" client_ip="::1" latency=4.888273ms method=GET path="/api/v1/tasks/filter?page=1&limit=10" status=400
time="2025-04-06 14:46:00" level=info msg="Connecting to database..."
time="2025-04-06 14:46:00" level=info msg="Database connected successfully"
time="2025-04-06 14:46:00" level=info msg="Server starting on port 8088"
time="2025-04-06 14:46:19" level=info msg="GET /api/v1/tasks/filter?page=1&limit=10 200 18.653949611s" client_ip="::1" latency=18.653949611s method=GET path="/api/v1/tasks/filter?page=1&limit=10" status=200
time="2025-04-06 15:01:34" level=info msg="GET /api/v1/tasks/filter?page=1&limit=10 200 5.574260687s" client_ip="::1" latency=5.574260687s method=GET path="/api/v1/tasks/filter?page=1&limit=10" status=200
time="2025-04-06 15:03:14" level=info msg="GET /api/v1/tasks/created 200 4.563178ms" client_ip="::1" latency=4.563178ms method=GET path=/api/v1/tasks/created status=200
time="2025-04-06 15:03:35" level=info msg="GET /api/v1/tasks/assigned 200 8.920607055s" client_ip="::1" latency=8.920607055s method=GET path=/api/v1/tasks/assigned status=200
time="2025-04-06 15:05:11" level=info msg="POST /api/v1/tasks/report/add 200 2.349471ms" client_ip="::1" latency=2.349471ms method=POST path=/api/v1/tasks/report/add status=200
time="2025-04-06 15:05:24" level=info msg="GET /api/v1/tasks/assigned 200 4.75931ms" client_ip="::1" latency=4.75931ms method=GET path=/api/v1/tasks/assigned status=200
time="2025-04-06 15:06:01" level=info msg="POST /api/v1/auth/login 200 1.445579ms" client_ip="::1" latency=1.445579ms method=POST path=/api/v1/auth/login status=200
time="2025-04-06 15:07:27" level=info msg="GET /api/v1/tasks/created 200 4.75438ms" client_ip="::1" latency=4.75438ms method=GET path=/api/v1/tasks/created status=200
time="2025-04-06 15:17:18" level=info msg="Connecting to database..."
time="2025-04-06 15:17:18" level=info msg="Database connected successfully"
time="2025-04-06 15:17:18" level=info msg="Server starting on port 8088"
time="2025-04-06 15:17:26" level=info msg="GET /swagger/index.html 200 151.367µs" client_ip="::1" latency="151.367µs" method=GET path=/swagger/index.html status=200
time="2025-04-06 15:17:26" level=info msg="GET /swagger/swagger-ui.css 200 127.978µs" client_ip="::1" latency="127.978µs" method=GET path=/swagger/swagger-ui.css status=200
time="2025-04-06 15:17:26" level=info msg="GET /swagger/swagger-ui-bundle.js 200 329.733µs" client_ip="::1" latency="329.733µs" method=GET path=/swagger/swagger-ui-bundle.js status=200
time="2025-04-06 15:17:26" level=info msg="GET /swagger/swagger-ui-standalone-preset.js 200 135.33µs" client_ip="::1" latency="135.33µs" method=GET path=/swagger/swagger-ui-standalone-preset.js status=200
time="2025-04-06 15:17:26" level=info msg="GET /swagger/doc.json 200 229.344µs" client_ip="::1" latency="229.344µs" method=GET path=/swagger/doc.json status=200
time="2025-04-06 15:17:26" level=info msg="GET /swagger/favicon-32x32.png 200 75.342µs" client_ip="::1" latency="75.342µs" method=GET path=/swagger/favicon-32x32.png status=200
time="2025-04-06 15:17:48" level=info msg="POST /api/v1/auth/login 200 878.743µs" client_ip="::1" latency="878.743µs" method=POST path=/api/v1/auth/login status=200
time="2025-04-06 15:22:41" level=info msg="GET /api/v1/tasks/created 200 2.298084ms" client_ip="::1" latency=2.298084ms method=GET path=/api/v1/tasks/created status=200
time="2025-04-06 15:23:26" level=warning msg="POST /api/v1/tasks/report/feedback 400 122.841µs" client_ip="::1" latency="122.841µs" method=POST path=/api/v1/tasks/report/feedback status=400
time="2025-04-06 15:25:27" level=warning msg="POST /api/v1/tasks/report/feedback 400 9.632666ms" client_ip="::1" latency=9.632666ms method=POST path=/api/v1/tasks/report/feedback status=400
time="2025-04-06 15:26:02" level=info msg="Starting graceful shutdown..."
time="2025-04-06 15:26:02" level=info msg="Disconnecting from database..."
time="2025-04-06 15:26:02" level=info msg="Graceful shutdown completed"
time="2025-04-06 15:26:10" level=info msg="Connecting to database..."
time="2025-04-06 15:26:10" level=info msg="Database connected successfully"
time="2025-04-06 15:26:10" level=info msg="Server starting on port 8088"
time="2025-04-06 15:28:20" level=info msg="Connecting to database..."
time="2025-04-06 15:28:20" level=info msg="Database connected successfully"
time="2025-04-06 15:28:20" level=info msg="Server starting on port 8088"
time="2025-04-06 15:28:29" level=info msg="POST /api/v1/tasks/report/feedback 200 7.795676826s" client_ip="::1" latency=7.795676826s method=POST path=/api/v1/tasks/report/feedback status=200
time="2025-04-06 15:28:34" level=info msg="GET /api/v1/tasks/created 200 2.418188ms" client_ip="::1" latency=2.418188ms method=GET path=/api/v1/tasks/created status=200
