time="2025-07-10 16:23:35" level=info msg="Connecting to database..."
time="2025-07-10 16:23:35" level=info msg="Database connected successfully"
time="2025-07-10 16:23:35" level=info msg="Weaviate live status: true"
time="2025-07-10 16:23:35" level=info msg="redis connected successfully"
time="2025-07-10 16:23:53" level=info msg="Connecting to database..."
time="2025-07-10 16:23:53" level=info msg="Database connected successfully"
time="2025-07-10 16:23:53" level=info msg="Weaviate live status: true"
time="2025-07-10 16:23:53" level=info msg="redis connected successfully"
time="2025-07-10 16:28:09" level=info msg="Connecting to database..."
time="2025-07-10 16:28:09" level=info msg="Database connected successfully"
time="2025-07-10 16:28:09" level=info msg="Weaviate live status: true"
time="2025-07-10 16:28:09" level=info msg="redis connected successfully"
time="2025-07-10 16:28:25" level=info msg="Connecting to database..."
time="2025-07-10 16:28:25" level=info msg="Database connected successfully"
time="2025-07-10 16:28:26" level=info msg="Weaviate live status: true"
time="2025-07-10 16:28:26" level=info msg="redis connected successfully"
time="2025-07-10 16:28:26" level=info msg="Worker started"
time="2025-07-10 16:28:26" level=info msg="Server starting on port 8088"
time="2025-07-10 16:29:15" level=info msg="GET /swagger/index.html 200 192.435µs" client_ip="::1" latency="192.435µs" method=GET path=/swagger/index.html status=200
time="2025-07-10 16:29:15" level=info msg="GET /swagger/swagger-ui.css 200 143.28µs" client_ip="::1" latency="143.28µs" method=GET path=/swagger/swagger-ui.css status=200
time="2025-07-10 16:29:15" level=info msg="GET /swagger/swagger-ui-standalone-preset.js 200 485.67µs" client_ip="::1" latency="485.67µs" method=GET path=/swagger/swagger-ui-standalone-preset.js status=200
time="2025-07-10 16:29:15" level=info msg="GET /swagger/swagger-ui-bundle.js 200 787.839µs" client_ip="::1" latency="787.839µs" method=GET path=/swagger/swagger-ui-bundle.js status=200
time="2025-07-10 16:29:15" level=info msg="GET /swagger/favicon-32x32.png 200 66.515µs" client_ip="::1" latency="66.515µs" method=GET path=/swagger/favicon-32x32.png status=200
time="2025-07-10 16:29:15" level=info msg="GET /swagger/doc.json 200 270.703µs" client_ip="::1" latency="270.703µs" method=GET path=/swagger/doc.json status=200
time="2025-07-10 16:31:20" level=info msg="Connecting to database..."
time="2025-07-10 16:31:20" level=info msg="Database connected successfully"
time="2025-07-10 16:31:21" level=info msg="Weaviate live status: true"
time="2025-07-10 16:31:21" level=info msg="redis connected successfully"
time="2025-07-10 16:31:21" level=info msg="Worker started"
time="2025-07-10 16:31:21" level=info msg="Server starting on port 8088"
time="2025-07-10 16:32:14" level=warning msg="POST /api/v1/auth/login 401 9.099028ms" client_ip="::1" latency=9.099028ms method=POST path=/api/v1/auth/login status=401
time="2025-07-10 16:33:46" level=info msg="Connecting to database..."
time="2025-07-10 16:33:46" level=info msg="Database connected successfully"
time="2025-07-10 16:33:46" level=info msg="Weaviate live status: true"
time="2025-07-10 16:33:46" level=info msg="redis connected successfully"
time="2025-07-10 16:34:13" level=info msg="Connecting to database..."
time="2025-07-10 16:34:13" level=info msg="Database connected successfully"
time="2025-07-10 16:34:13" level=info msg="Weaviate live status: true"
time="2025-07-10 16:34:13" level=info msg="redis connected successfully"
time="2025-07-10 16:34:45" level=info msg="Connecting to database..."
time="2025-07-10 16:34:45" level=info msg="Database connected successfully"
time="2025-07-10 16:34:46" level=info msg="Weaviate live status: true"
time="2025-07-10 16:34:46" level=info msg="redis connected successfully"
time="2025-07-10 16:34:46" level=info msg="Worker started"
time="2025-07-10 16:34:46" level=info msg="Server starting on port 8088"
time="2025-07-10 16:37:37" level=info msg="Connecting to database..."
time="2025-07-10 16:37:37" level=info msg="Database connected successfully"
time="2025-07-10 16:37:37" level=info msg="Weaviate live status: true"
time="2025-07-10 16:37:37" level=info msg="redis connected successfully"
time="2025-07-10 16:37:37" level=info msg="Worker started"
time="2025-07-10 16:37:37" level=info msg="Server starting on port 8088"
time="2025-07-10 16:38:15" level=warning msg="POST /api/v1/auth/login 401 797.975µs" client_ip="::1" latency="797.975µs" method=POST path=/api/v1/auth/login status=401
time="2025-07-10 16:38:43" level=error msg="Error executing interval job: document is nil"
