time="2025-04-22 20:42:16" level=info msg="Connecting to database..."
time="2025-04-22 20:42:17" level=info msg="Database connected successfully"
time="2025-04-22 20:42:51" level=info msg="Connecting to database..."
time="2025-04-22 20:42:51" level=info msg="Database connected successfully"
time="2025-04-22 20:42:51" level=info msg="Weaviate live status: true"
time="2025-04-22 20:42:51" level=info msg="Server starting on port 8088"
time="2025-04-22 20:42:58" level=info msg="GET /swagger/index.html 200 182.902µs" client_ip="::1" latency="182.902µs" method=GET path=/swagger/index.html status=200
time="2025-04-22 20:42:58" level=info msg="GET /swagger/swagger-ui.css 200 241.139µs" client_ip="::1" latency="241.139µs" method=GET path=/swagger/swagger-ui.css status=200
time="2025-04-22 20:42:58" level=info msg="GET /swagger/swagger-ui-standalone-preset.js 200 445.453µs" client_ip="::1" latency="445.453µs" method=GET path=/swagger/swagger-ui-standalone-preset.js status=200
time="2025-04-22 20:42:58" level=info msg="GET /swagger/swagger-ui-bundle.js 200 1.848576ms" client_ip="::1" latency=1.848576ms method=GET path=/swagger/swagger-ui-bundle.js status=200
time="2025-04-22 20:42:58" level=info msg="GET /swagger/favicon-32x32.png 200 28.276µs" client_ip="::1" latency="28.276µs" method=GET path=/swagger/favicon-32x32.png status=200
time="2025-04-22 20:42:58" level=info msg="GET /swagger/doc.json 200 165.747µs" client_ip="::1" latency="165.747µs" method=GET path=/swagger/doc.json status=200
time="2025-04-22 20:47:21" level=info msg="Starting graceful shutdown..."
time="2025-04-22 20:47:21" level=info msg="Disconnecting from database..."
time="2025-04-22 20:47:21" level=info msg="Graceful shutdown completed"
time="2025-04-22 22:01:18" level=info msg="Connecting to database..."
time="2025-04-22 22:01:18" level=info msg="Database connected successfully"
time="2025-04-22 22:01:18" level=info msg="Weaviate live status: true"
time="2025-04-22 22:01:18" level=info msg="Server starting on port 8088"
time="2025-04-22 22:01:27" level=info msg="GET /swagger/index.html 200 298.419µs" client_ip="::1" latency="298.419µs" method=GET path=/swagger/index.html status=200
time="2025-04-22 22:01:27" level=info msg="GET /swagger/swagger-ui.css 200 329.862µs" client_ip="::1" latency="329.862µs" method=GET path=/swagger/swagger-ui.css status=200
time="2025-04-22 22:01:27" level=info msg="GET /swagger/swagger-ui-standalone-preset.js 200 293.589µs" client_ip="::1" latency="293.589µs" method=GET path=/swagger/swagger-ui-standalone-preset.js status=200
time="2025-04-22 22:01:27" level=info msg="GET /swagger/swagger-ui-bundle.js 200 693.586µs" client_ip="::1" latency="693.586µs" method=GET path=/swagger/swagger-ui-bundle.js status=200
time="2025-04-22 22:01:27" level=info msg="GET /swagger/favicon-32x32.png 200 38.108µs" client_ip="::1" latency="38.108µs" method=GET path=/swagger/favicon-32x32.png status=200
time="2025-04-22 22:01:27" level=info msg="GET /swagger/doc.json 200 249.891µs" client_ip="::1" latency="249.891µs" method=GET path=/swagger/doc.json status=200
time="2025-04-22 22:01:52" level=info msg="Starting graceful shutdown..."
time="2025-04-22 22:01:52" level=info msg="Disconnecting from database..."
time="2025-04-22 22:01:52" level=info msg="Graceful shutdown completed"
time="2025-04-22 22:03:30" level=info msg="Connecting to database..."
time="2025-04-22 22:03:30" level=info msg="Database connected successfully"
time="2025-04-22 22:03:30" level=info msg="Weaviate live status: true"
time="2025-04-22 22:03:30" level=info msg="Server starting on port 8088"
time="2025-04-22 22:03:31" level=info msg="Starting graceful shutdown..."
time="2025-04-22 22:03:31" level=info msg="Disconnecting from database..."
time="2025-04-22 22:03:31" level=info msg="Graceful shutdown completed"
time="2025-04-22 22:03:59" level=info msg="Connecting to database..."
time="2025-04-22 22:03:59" level=info msg="Database connected successfully"
time="2025-04-22 22:03:59" level=info msg="Weaviate live status: true"
time="2025-04-22 22:03:59" level=info msg="Server starting on port 8088"
time="2025-04-22 22:04:01" level=info msg="GET /swagger/index.html 200 198.321µs" client_ip="::1" latency="198.321µs" method=GET path=/swagger/index.html status=200
time="2025-04-22 22:04:01" level=info msg="GET /swagger/swagger-ui.css 200 92.869µs" client_ip="::1" latency="92.869µs" method=GET path=/swagger/swagger-ui.css status=200
time="2025-04-22 22:04:01" level=info msg="GET /swagger/swagger-ui-bundle.js 200 478.059µs" client_ip="::1" latency="478.059µs" method=GET path=/swagger/swagger-ui-bundle.js status=200
time="2025-04-22 22:04:01" level=info msg="GET /swagger/swagger-ui-standalone-preset.js 200 146.302µs" client_ip="::1" latency="146.302µs" method=GET path=/swagger/swagger-ui-standalone-preset.js status=200
time="2025-04-22 22:04:01" level=info msg="GET /swagger/favicon-32x32.png 200 26.27µs" client_ip="::1" latency="26.27µs" method=GET path=/swagger/favicon-32x32.png status=200
time="2025-04-22 22:04:01" level=info msg="GET /swagger/doc.json 200 190.393µs" client_ip="::1" latency="190.393µs" method=GET path=/swagger/doc.json status=200
time="2025-04-22 22:04:10" level=info msg="GET /swagger/index.html 200 100.725µs" client_ip="::1" latency="100.725µs" method=GET path=/swagger/index.html status=200
time="2025-04-22 22:04:10" level=info msg="GET /swagger/swagger-ui-standalone-preset.js 304 63.908µs" client_ip="::1" latency="63.908µs" method=GET path=/swagger/swagger-ui-standalone-preset.js status=304
time="2025-04-22 22:04:10" level=info msg="GET /swagger/swagger-ui-bundle.js 304 58.416µs" client_ip="::1" latency="58.416µs" method=GET path=/swagger/swagger-ui-bundle.js status=304
time="2025-04-22 22:04:10" level=info msg="GET /swagger/swagger-ui.css 304 58.842µs" client_ip="::1" latency="58.842µs" method=GET path=/swagger/swagger-ui.css status=304
time="2025-04-22 22:04:10" level=info msg="GET /swagger/favicon-32x32.png 304 25.28µs" client_ip="::1" latency="25.28µs" method=GET path=/swagger/favicon-32x32.png status=304
time="2025-04-22 22:04:10" level=info msg="GET /swagger/doc.json 200 426.624µs" client_ip="::1" latency="426.624µs" method=GET path=/swagger/doc.json status=200
time="2025-04-22 22:04:15" level=info msg="Starting graceful shutdown..."
time="2025-04-22 22:04:15" level=info msg="Disconnecting from database..."
time="2025-04-22 22:04:15" level=info msg="Graceful shutdown completed"
time="2025-04-22 22:04:39" level=info msg="Connecting to database..."
time="2025-04-22 22:04:39" level=info msg="Database connected successfully"
time="2025-04-22 22:04:39" level=info msg="Weaviate live status: true"
time="2025-04-22 22:04:39" level=info msg="Server starting on port 8088"
time="2025-04-22 22:04:41" level=info msg="GET /swagger/index.html 200 160.648µs" client_ip="::1" latency="160.648µs" method=GET path=/swagger/index.html status=200
time="2025-04-22 22:04:41" level=info msg="GET /swagger/swagger-ui.css 200 153.115µs" client_ip="::1" latency="153.115µs" method=GET path=/swagger/swagger-ui.css status=200
time="2025-04-22 22:04:41" level=info msg="GET /swagger/swagger-ui-bundle.js 200 826.277µs" client_ip="::1" latency="826.277µs" method=GET path=/swagger/swagger-ui-bundle.js status=200
time="2025-04-22 22:04:41" level=info msg="GET /swagger/swagger-ui-standalone-preset.js 200 200.085µs" client_ip="::1" latency="200.085µs" method=GET path=/swagger/swagger-ui-standalone-preset.js status=200
time="2025-04-22 22:04:41" level=info msg="GET /swagger/favicon-32x32.png 200 36.599µs" client_ip="::1" latency="36.599µs" method=GET path=/swagger/favicon-32x32.png status=200
time="2025-04-22 22:04:41" level=info msg="GET /swagger/doc.json 200 251.974µs" client_ip="::1" latency="251.974µs" method=GET path=/swagger/doc.json status=200
time="2025-04-22 22:04:41" level=info msg="GET /swagger/favicon-32x32.png 304 24.327µs" client_ip="::1" latency="24.327µs" method=GET path=/swagger/favicon-32x32.png status=304
time="2025-04-22 22:05:37" level=warning msg="POST /api/v1/documents/demo-load-text 404 2.969µs" client_ip="::1" latency="2.969µs" method=POST path=/api/v1/documents/demo-load-text status=404
time="2025-04-22 22:05:37" level=warning msg="POST /api/v1/documents/demo-load-text 404 2.897µs" client_ip="::1" latency="2.897µs" method=POST path=/api/v1/documents/demo-load-text status=404
time="2025-04-22 22:05:39" level=warning msg="POST /api/v1/documents/demo-load-text 404 2.864µs" client_ip="::1" latency="2.864µs" method=POST path=/api/v1/documents/demo-load-text status=404
time="2025-04-22 22:05:54" level=info msg="Starting graceful shutdown..."
time="2025-04-22 22:05:54" level=info msg="Disconnecting from database..."
time="2025-04-22 22:05:54" level=info msg="Graceful shutdown completed"
time="2025-04-22 22:05:55" level=info msg="Connecting to database..."
time="2025-04-22 22:05:55" level=info msg="Database connected successfully"
time="2025-04-22 22:05:55" level=info msg="Weaviate live status: true"
time="2025-04-22 22:05:55" level=info msg="Server starting on port 8088"
time="2025-04-22 22:06:06" level=info msg="Starting graceful shutdown..."
time="2025-04-22 22:06:06" level=info msg="Disconnecting from database..."
time="2025-04-22 22:06:06" level=info msg="Graceful shutdown completed"
time="2025-04-22 22:06:11" level=info msg="Connecting to database..."
time="2025-04-22 22:06:11" level=info msg="Database connected successfully"
time="2025-04-22 22:06:11" level=info msg="Weaviate live status: true"
time="2025-04-22 22:06:11" level=info msg="Server starting on port 8088"
time="2025-04-22 22:06:11" level=error msg="POST /api/v1/documents/demo-load-text 500 46.070101ms" client_ip="::1" latency=46.070101ms method=POST path=/api/v1/documents/demo-load-text status=500
time="2025-04-22 22:06:14" level=error msg="POST /api/v1/documents/demo-load-text 500 43.86357ms" client_ip="::1" latency=43.86357ms method=POST path=/api/v1/documents/demo-load-text status=500
time="2025-04-22 22:06:17" level=info msg="Starting graceful shutdown..."
time="2025-04-22 22:06:17" level=info msg="Disconnecting from database..."
time="2025-04-22 22:06:17" level=info msg="Graceful shutdown completed"
time="2025-04-22 22:06:28" level=info msg="Connecting to database..."
time="2025-04-22 22:06:28" level=info msg="Database connected successfully"
time="2025-04-22 22:06:28" level=info msg="Weaviate live status: true"
time="2025-04-22 22:06:28" level=info msg="Server starting on port 8088"
time="2025-04-22 22:07:26" level=info msg="Connecting to database..."
time="2025-04-22 22:07:26" level=info msg="Database connected successfully"
time="2025-04-22 22:07:26" level=info msg="Weaviate live status: true"
time="2025-04-22 22:07:26" level=info msg="Server starting on port 8088"
time="2025-04-22 22:09:12" level=info msg="Connecting to database..."
time="2025-04-22 22:09:12" level=info msg="Database connected successfully"
time="2025-04-22 22:09:12" level=info msg="Weaviate live status: true"
time="2025-04-22 22:09:12" level=info msg="Server starting on port 8088"
time="2025-04-22 22:10:01" level=info msg="Connecting to database..."
time="2025-04-22 22:10:01" level=info msg="Database connected successfully"
time="2025-04-22 22:10:01" level=info msg="Weaviate live status: true"
time="2025-04-22 22:10:01" level=info msg="Server starting on port 8088"
time="2025-04-22 22:10:30" level=error msg="POST /api/v1/documents/demo-load-text 500 24.937579139s" client_ip="::1" latency=24.937579139s method=POST path=/api/v1/documents/demo-load-text status=500
time="2025-04-22 22:11:02" level=error msg="POST /api/v1/documents/demo-load-text 500 19.243789217s" client_ip="::1" latency=19.243789217s method=POST path=/api/v1/documents/demo-load-text status=500
time="2025-04-22 22:11:25" level=info msg="POST /api/v1/documents/demo-load-text 200 10.720948869s" client_ip="::1" latency=10.720948869s method=POST path=/api/v1/documents/demo-load-text status=200
time="2025-04-22 22:12:00" level=info msg="Connecting to database..."
time="2025-04-22 22:12:00" level=info msg="Database connected successfully"
time="2025-04-22 22:12:00" level=info msg="Weaviate live status: true"
time="2025-04-22 22:12:00" level=info msg="Server starting on port 8088"
time="2025-04-22 22:12:25" level=info msg="POST /api/v1/documents/demo-load-text 200 47.965272ms" client_ip="::1" latency=47.965272ms method=POST path=/api/v1/documents/demo-load-text status=200
time="2025-04-22 22:19:54" level=info msg="Starting graceful shutdown..."
time="2025-04-22 22:19:54" level=info msg="Disconnecting from database..."
time="2025-04-22 22:19:54" level=info msg="Graceful shutdown completed"
time="2025-04-22 22:22:53" level=info msg="Connecting to database..."
time="2025-04-22 22:22:53" level=info msg="Database connected successfully"
time="2025-04-22 22:22:53" level=info msg="Weaviate live status: true"
time="2025-04-22 22:22:53" level=info msg="Server starting on port 8088"
time="2025-04-22 22:23:05" level=info msg="POST /api/v1/documents/demo-load-text 200 45.970807ms" client_ip="::1" latency=45.970807ms method=POST path=/api/v1/documents/demo-load-text status=200
time="2025-04-22 22:24:59" level=warning msg="POST /api/v1/documents/upload 401 46.171µs" client_ip="::1" latency="46.171µs" method=POST path=/api/v1/documents/upload status=401
time="2025-04-22 22:25:15" level=info msg="POST /api/v1/auth/login 200 5.607977ms" client_ip="::1" latency=5.607977ms method=POST path=/api/v1/auth/login status=200
time="2025-04-22 22:25:32" level=info msg="POST /api/v1/documents/demo-load-text 200 50.941966ms" client_ip="::1" latency=50.941966ms method=POST path=/api/v1/documents/demo-load-text status=200
time="2025-04-22 22:25:34" level=warning msg="POST /api/v1/documents/upload 400 9.673586ms" client_ip="::1" latency=9.673586ms method=POST path=/api/v1/documents/upload status=400
time="2025-04-22 22:26:03" level=info msg="Starting graceful shutdown..."
time="2025-04-22 22:26:03" level=info msg="Disconnecting from database..."
time="2025-04-22 22:26:03" level=info msg="Graceful shutdown completed"
time="2025-04-22 22:26:07" level=info msg="Connecting to database..."
time="2025-04-22 22:26:07" level=info msg="Database connected successfully"
time="2025-04-22 22:26:07" level=info msg="Weaviate live status: true"
time="2025-04-22 22:26:07" level=info msg="Server starting on port 8088"
time="2025-04-22 22:26:23" level=warning msg="POST /api/v1/documents/upload 400 15.614356668s" client_ip="::1" latency=15.614356668s method=POST path=/api/v1/documents/upload status=400
time="2025-04-22 22:26:48" level=info msg="POST /api/v1/documents/upload 200 11.755128602s" client_ip="::1" latency=11.755128602s method=POST path=/api/v1/documents/upload status=200
time="2025-04-22 22:28:25" level=info msg="POST /api/v1/documents/search 200 278.748624ms" client_ip="::1" latency=278.748624ms method=POST path=/api/v1/documents/search status=200
time="2025-04-22 22:30:15" level=info msg="POST /api/v1/documents/ask-ai 200 37.425997195s" client_ip="::1" latency=37.425997195s method=POST path=/api/v1/documents/ask-ai status=200
time="2025-04-22 22:31:04" level=info msg="POST /api/v1/documents/ask-ai 200 8.529088183s" client_ip="::1" latency=8.529088183s method=POST path=/api/v1/documents/ask-ai status=200
time="2025-04-22 22:31:59" level=info msg="POST /api/v1/documents/ask-ai 200 13.389580088s" client_ip="::1" latency=13.389580088s method=POST path=/api/v1/documents/ask-ai status=200
time="2025-04-22 22:32:50" level=info msg="POST /api/v1/documents/ask-ai 200 36.193456496s" client_ip="::1" latency=36.193456496s method=POST path=/api/v1/documents/ask-ai status=200
time="2025-04-22 22:34:08" level=info msg="POST /api/v1/documents/demo-load-text 200 9.713237567s" client_ip="::1" latency=9.713237567s method=POST path=/api/v1/documents/demo-load-text status=200
time="2025-04-22 22:38:02" level=info msg="Connecting to database..."
time="2025-04-22 22:38:02" level=info msg="Database connected successfully"
time="2025-04-22 22:38:02" level=info msg="Weaviate live status: true"
time="2025-04-22 22:38:02" level=info msg="Server starting on port 8088"
time="2025-04-22 22:38:05" level=info msg="POST /api/v1/documents/demo-load-text 200 217.650117ms" client_ip="::1" latency=217.650117ms method=POST path=/api/v1/documents/demo-load-text status=200
time="2025-04-22 22:39:11" level=error msg="POST /api/v1/documents/upload 500 119.693185ms" client_ip="::1" latency=119.693185ms method=POST path=/api/v1/documents/upload status=500
time="2025-04-22 22:39:37" level=error msg="POST /api/v1/documents/upload 500 119.441301ms" client_ip="::1" latency=119.441301ms method=POST path=/api/v1/documents/upload status=500
time="2025-04-22 22:39:40" level=info msg="Starting graceful shutdown..."
time="2025-04-22 22:39:40" level=info msg="Disconnecting from database..."
time="2025-04-22 22:39:40" level=info msg="Graceful shutdown completed"
time="2025-04-22 22:39:43" level=info msg="Connecting to database..."
time="2025-04-22 22:39:43" level=info msg="Database connected successfully"
time="2025-04-22 22:39:43" level=info msg="Weaviate live status: true"
time="2025-04-22 22:39:43" level=info msg="Server starting on port 8088"
time="2025-04-22 22:39:59" level=error msg="POST /api/v1/documents/upload 500 12.630233305s" client_ip="::1" latency=12.630233305s method=POST path=/api/v1/documents/upload status=500
time="2025-04-22 22:40:55" level=info msg="Connecting to database..."
time="2025-04-22 22:40:55" level=info msg="Database connected successfully"
time="2025-04-22 22:40:55" level=info msg="Weaviate live status: true"
time="2025-04-22 22:40:55" level=info msg="Server starting on port 8088"
time="2025-04-22 22:41:07" level=info msg="POST /api/v1/documents/upload 200 8.694149838s" client_ip="::1" latency=8.694149838s method=POST path=/api/v1/documents/upload status=200
time="2025-04-22 22:41:31" level=info msg="POST /api/v1/documents/demo-load-text 200 81.167716ms" client_ip="::1" latency=81.167716ms method=POST path=/api/v1/documents/demo-load-text status=200
time="2025-04-22 22:42:46" level=info msg="POST /api/v1/documents/upload 200 24.009180096s" client_ip="::1" latency=24.009180096s method=POST path=/api/v1/documents/upload status=200
time="2025-04-22 22:44:21" level=info msg="POST /api/v1/documents/demo-load-text 200 152.906166ms" client_ip="::1" latency=152.906166ms method=POST path=/api/v1/documents/demo-load-text status=200
time="2025-04-22 22:47:06" level=info msg="Starting graceful shutdown..."
time="2025-04-22 22:47:06" level=info msg="Disconnecting from database..."
time="2025-04-22 22:47:06" level=info msg="Graceful shutdown completed"
time="2025-04-22 22:47:09" level=info msg="Connecting to database..."
time="2025-04-22 22:47:09" level=info msg="Database connected successfully"
time="2025-04-22 22:47:09" level=info msg="Weaviate live status: true"
time="2025-04-22 22:47:09" level=info msg="Server starting on port 8088"
time="2025-04-22 22:47:18" level=info msg="POST /api/v1/documents/upload 200 3.373141508s" client_ip="::1" latency=3.373141508s method=POST path=/api/v1/documents/upload status=200
time="2025-04-22 22:47:29" level=info msg="POST /api/v1/documents/demo-load-text 200 54.534268ms" client_ip="::1" latency=54.534268ms method=POST path=/api/v1/documents/demo-load-text status=200
time="2025-04-22 22:53:00" level=warning msg="POST /api/v1/documents/upload 400 54.832584ms" client_ip="::1" latency=54.832584ms method=POST path=/api/v1/documents/upload status=400
time="2025-04-22 22:53:20" level=warning msg="POST /api/v1/documents/upload 400 53.127756ms" client_ip="::1" latency=53.127756ms method=POST path=/api/v1/documents/upload status=400
time="2025-04-22 22:53:49" level=info msg="POST /api/v1/documents/upload 200 6.173094313s" client_ip="::1" latency=6.173094313s method=POST path=/api/v1/documents/upload status=200
time="2025-04-22 22:54:11" level=info msg="POST /api/v1/documents/search 200 336.292773ms" client_ip="::1" latency=336.292773ms method=POST path=/api/v1/documents/search status=200
time="2025-04-22 22:55:05" level=info msg="POST /api/v1/documents/ask-ai 200 24.149941305s" client_ip="::1" latency=24.149941305s method=POST path=/api/v1/documents/ask-ai status=200
time="2025-04-22 22:55:45" level=info msg="POST /api/v1/documents/demo-load-text 200 143.032399ms" client_ip="::1" latency=143.032399ms method=POST path=/api/v1/documents/demo-load-text status=200
time="2025-04-22 22:56:19" level=info msg="POST /api/v1/documents/upload 200 1.409404698s" client_ip="::1" latency=1.409404698s method=POST path=/api/v1/documents/upload status=200
time="2025-04-22 22:56:34" level=info msg="POST /api/v1/documents/demo-load-text 200 415.456921ms" client_ip="::1" latency=415.456921ms method=POST path=/api/v1/documents/demo-load-text status=200
time="2025-04-22 22:57:19" level=info msg="Starting graceful shutdown..."
time="2025-04-22 22:57:19" level=info msg="Disconnecting from database..."
time="2025-04-22 22:57:19" level=info msg="Graceful shutdown completed"
time="2025-04-22 22:57:33" level=info msg="Connecting to database..."
time="2025-04-22 22:57:33" level=info msg="Database connected successfully"
time="2025-04-22 22:57:33" level=info msg="Weaviate live status: true"
time="2025-04-22 22:57:33" level=info msg="Server starting on port 8088"
time="2025-04-22 22:59:41" level=info msg="Connecting to database..."
time="2025-04-22 22:59:41" level=info msg="Database connected successfully"
time="2025-04-22 22:59:41" level=info msg="Weaviate live status: true"
time="2025-04-22 22:59:41" level=info msg="Server starting on port 8088"
time="2025-04-22 23:00:18" level=info msg="Connecting to database..."
time="2025-04-22 23:00:18" level=info msg="Database connected successfully"
time="2025-04-22 23:00:18" level=info msg="Weaviate live status: true"
time="2025-04-22 23:00:18" level=info msg="Server starting on port 8088"
time="2025-04-22 23:01:34" level=info msg="POST /api/v1/documents/upload 200 1m3.973017237s" client_ip="::1" latency=1m3.973017237s method=POST path=/api/v1/documents/upload status=200
time="2025-04-22 23:01:46" level=info msg="Connecting to database..."
time="2025-04-22 23:01:46" level=info msg="Database connected successfully"
time="2025-04-22 23:01:46" level=info msg="Weaviate live status: true"
time="2025-04-22 23:01:46" level=info msg="Server starting on port 8088"
time="2025-04-22 23:01:56" level=info msg="POST /api/v1/documents/demo-load-text 200 136.421928ms" client_ip="::1" latency=136.421928ms method=POST path=/api/v1/documents/demo-load-text status=200
time="2025-04-22 23:02:37" level=warning msg="POST /api/v1/documents/upload 400 65.564111ms" client_ip="::1" latency=65.564111ms method=POST path=/api/v1/documents/upload status=400
time="2025-04-22 23:02:43" level=info msg="POST /api/v1/documents/upload 200 967.419158ms" client_ip="::1" latency=967.419158ms method=POST path=/api/v1/documents/upload status=200
time="2025-04-22 23:02:57" level=info msg="POST /api/v1/documents/demo-load-text 200 163.5212ms" client_ip="::1" latency=163.5212ms method=POST path=/api/v1/documents/demo-load-text status=200
time="2025-04-22 23:03:15" level=info msg="POST /api/v1/documents/upload 200 1.020427105s" client_ip="::1" latency=1.020427105s method=POST path=/api/v1/documents/upload status=200
time="2025-04-22 23:04:19" level=info msg="POST /api/v1/documents/demo-load-text 200 161.025931ms" client_ip="::1" latency=161.025931ms method=POST path=/api/v1/documents/demo-load-text status=200
time="2025-04-22 23:05:32" level=info msg="POST /api/v1/documents/upload 200 7.919350891s" client_ip="::1" latency=7.919350891s method=POST path=/api/v1/documents/upload status=200
time="2025-04-22 23:06:09" level=info msg="OPTIONS /api/v1/auth/login 200 107.483µs" client_ip="::1" latency="107.483µs" method=OPTIONS path=/api/v1/auth/login status=200
time="2025-04-22 23:06:09" level=info msg="POST /api/v1/auth/login 200 16.846877ms" client_ip="::1" latency=16.846877ms method=POST path=/api/v1/auth/login status=200
time="2025-04-22 23:06:33" level=info msg="OPTIONS /api/v1/documents/search 200 6.28µs" client_ip="::1" latency="6.28µs" method=OPTIONS path=/api/v1/documents/search status=200
time="2025-04-22 23:06:33" level=info msg="POST /api/v1/documents/search 200 101.183554ms" client_ip="::1" latency=101.183554ms method=POST path=/api/v1/documents/search status=200
time="2025-04-22 23:07:14" level=info msg="OPTIONS /api/v1/documents/view?path=K%E1%BB%B9+thu%E1%BA%ADt+%C4%91i%E1%BB%87n.pdf 200 4.964µs" client_ip="::1" latency="4.964µs" method=OPTIONS path="/api/v1/documents/view?path=K%E1%BB%B9+thu%E1%BA%ADt+%C4%91i%E1%BB%87n.pdf" status=200
time="2025-04-22 23:07:14" level=info msg="GET /api/v1/documents/view?path=K%E1%BB%B9+thu%E1%BA%ADt+%C4%91i%E1%BB%87n.pdf 200 4.170322ms" client_ip="::1" latency=4.170322ms method=GET path="/api/v1/documents/view?path=K%E1%BB%B9+thu%E1%BA%ADt+%C4%91i%E1%BB%87n.pdf" status=200
time="2025-04-22 23:07:42" level=info msg="OPTIONS /api/v1/documents/ask-ai 200 5.499µs" client_ip="::1" latency="5.499µs" method=OPTIONS path=/api/v1/documents/ask-ai status=200
time="2025-04-22 23:08:03" level=info msg="POST /api/v1/documents/ask-ai 200 20.229316781s" client_ip="::1" latency=20.229316781s method=POST path=/api/v1/documents/ask-ai status=200
time="2025-04-22 23:08:26" level=info msg="Starting graceful shutdown..."
time="2025-04-22 23:08:26" level=info msg="Disconnecting from database..."
time="2025-04-22 23:08:26" level=info msg="Graceful shutdown completed"
