time="2025-04-03 06:32:52" level=info msg="Server starting on port 9090"
time="2025-04-03 06:33:04" level=info msg="Starting graceful shutdown..."
time="2025-04-03 06:33:04" level=info msg="Graceful shutdown completed"
time="2025-04-03 06:33:22" level=info msg="Server starting on port 9090"
time="2025-04-03 06:33:26" level=info msg="Starting graceful shutdown..."
time="2025-04-03 06:33:26" level=info msg="Graceful shutdown completed"
time="2025-04-03 06:33:59" level=info msg="Server starting on port 8088"
time="2025-04-03 06:34:22" level=info msg="Starting graceful shutdown..."
time="2025-04-03 06:34:22" level=info msg="Graceful shutdown completed"
time="2025-04-03 06:34:40" level=info msg="Server starting on port 8088"
time="2025-04-03 06:34:58" level=info msg="Starting graceful shutdown..."
time="2025-04-03 06:34:58" level=info msg="Graceful shutdown completed"
time="2025-04-03 06:37:10" level=info msg="Server starting on port 8088"
time="2025-04-03 06:37:33" level=info msg="Starting graceful shutdown..."
time="2025-04-03 06:37:33" level=info msg="Graceful shutdown completed"
time="2025-04-03 06:37:34" level=info msg="Server starting on port 8088"
time="2025-04-03 06:37:44" level=info msg="Starting graceful shutdown..."
time="2025-04-03 06:37:44" level=info msg="Graceful shutdown completed"
time="2025-04-03 06:44:17" level=info msg="Connecting to database..."
time="2025-04-03 06:53:49" level=info msg="Connecting to database..."
time="2025-04-03 06:56:17" level=info msg="Connecting to database..."
time="2025-04-03 06:56:54" level=info msg="Connecting to database..."
time="2025-04-03 06:58:24" level=info msg="Connecting to database..."
time="2025-04-03 06:58:24" level=info msg="Database connected successfully"
time="2025-04-03 06:58:24" level=info msg="Server starting on port 8088"
time="2025-04-03 06:58:32" level=info msg="Starting graceful shutdown..."
time="2025-04-03 06:58:32" level=info msg="Disconnecting from database..."
time="2025-04-03 06:58:32" level=info msg="Graceful shutdown completed"
time="2025-04-03 07:01:47" level=info msg="Connecting to database..."
time="2025-04-03 07:01:47" level=info msg="Database connected successfully"
time="2025-04-03 07:01:47" level=info msg="Server starting on port 8088"
time="2025-04-03 07:02:05" level=warning msg="GET / 404 258ns" client_ip="::1" latency=258ns method=GET path=/ status=404
time="2025-04-03 07:02:05" level=warning msg="GET /favicon.ico 404 264ns" client_ip="::1" latency=264ns method=GET path=/favicon.ico status=404
time="2025-04-03 07:02:13" level=info msg="GET /swagger/index.html 200 207.167µs" client_ip="::1" latency="207.167µs" method=GET path=/swagger/index.html status=200
time="2025-04-03 07:02:13" level=info msg="GET /swagger/swagger-ui.css 200 137.276µs" client_ip="::1" latency="137.276µs" method=GET path=/swagger/swagger-ui.css status=200
time="2025-04-03 07:02:13" level=info msg="GET /swagger/swagger-ui-standalone-preset.js 200 169.44µs" client_ip="::1" latency="169.44µs" method=GET path=/swagger/swagger-ui-standalone-preset.js status=200
time="2025-04-03 07:02:13" level=info msg="GET /swagger/swagger-ui-bundle.js 200 337.526µs" client_ip="::1" latency="337.526µs" method=GET path=/swagger/swagger-ui-bundle.js status=200
time="2025-04-03 07:02:13" level=info msg="GET /swagger/doc.json 200 185.836µs" client_ip="::1" latency="185.836µs" method=GET path=/swagger/doc.json status=200
time="2025-04-03 07:02:13" level=info msg="GET /swagger/favicon-32x32.png 200 55.765µs" client_ip="::1" latency="55.765µs" method=GET path=/swagger/favicon-32x32.png status=200
time="2025-04-03 07:02:51" level=info msg="Starting graceful shutdown..."
time="2025-04-03 07:02:51" level=info msg="Disconnecting from database..."
time="2025-04-03 07:02:51" level=info msg="Graceful shutdown completed"
time="2025-04-03 07:02:55" level=info msg="Connecting to database..."
time="2025-04-03 07:02:55" level=info msg="Database connected successfully"
time="2025-04-03 07:02:55" level=info msg="Server starting on port 8088"
time="2025-04-03 07:02:58" level=info msg="GET /swagger/index.html 200 267.527µs" client_ip="::1" latency="267.527µs" method=GET path=/swagger/index.html status=200
time="2025-04-03 07:02:58" level=info msg="GET /swagger/swagger-ui.css 200 127.518µs" client_ip="::1" latency="127.518µs" method=GET path=/swagger/swagger-ui.css status=200
time="2025-04-03 07:02:58" level=info msg="GET /swagger/swagger-ui-bundle.js 200 322.784µs" client_ip="::1" latency="322.784µs" method=GET path=/swagger/swagger-ui-bundle.js status=200
time="2025-04-03 07:02:58" level=info msg="GET /swagger/swagger-ui-standalone-preset.js 200 191.092µs" client_ip="::1" latency="191.092µs" method=GET path=/swagger/swagger-ui-standalone-preset.js status=200
time="2025-04-03 07:02:58" level=info msg="GET /swagger/doc.json 200 310.131µs" client_ip="::1" latency="310.131µs" method=GET path=/swagger/doc.json status=200
time="2025-04-03 07:02:58" level=info msg="GET /swagger/favicon-32x32.png 200 28.24µs" client_ip="::1" latency="28.24µs" method=GET path=/swagger/favicon-32x32.png status=200
time="2025-04-03 07:12:33" level=info msg="GET /swagger/index.html 200 93.066µs" client_ip="::1" latency="93.066µs" method=GET path=/swagger/index.html status=200
time="2025-04-03 07:12:33" level=info msg="GET /swagger/swagger-ui-bundle.js 304 35.154µs" client_ip="::1" latency="35.154µs" method=GET path=/swagger/swagger-ui-bundle.js status=304
time="2025-04-03 07:12:33" level=info msg="GET /swagger/swagger-ui.css 304 130.668µs" client_ip="::1" latency="130.668µs" method=GET path=/swagger/swagger-ui.css status=304
time="2025-04-03 07:12:33" level=info msg="GET /swagger/swagger-ui-standalone-preset.js 304 26.062µs" client_ip="::1" latency="26.062µs" method=GET path=/swagger/swagger-ui-standalone-preset.js status=304
time="2025-04-03 07:12:33" level=info msg="GET /swagger/doc.json 200 177.52µs" client_ip="::1" latency="177.52µs" method=GET path=/swagger/doc.json status=200
time="2025-04-03 07:12:56" level=warning msg="POST /api/v1/api/v1/auth/login 404 265ns" client_ip="::1" latency=265ns method=POST path=/api/v1/api/v1/auth/login status=404
time="2025-04-03 07:13:04" level=warning msg="POST /api/v1/api/v1/auth/login 404 260ns" client_ip="::1" latency=260ns method=POST path=/api/v1/api/v1/auth/login status=404
time="2025-04-03 07:13:22" level=info msg="Starting graceful shutdown..."
time="2025-04-03 07:13:22" level=info msg="Disconnecting from database..."
time="2025-04-03 07:13:22" level=info msg="Graceful shutdown completed"
time="2025-04-03 07:14:35" level=info msg="Connecting to database..."
time="2025-04-03 07:14:35" level=info msg="Database connected successfully"
time="2025-04-03 07:14:35" level=info msg="Server starting on port 8088"
time="2025-04-03 07:14:38" level=warning msg="POST /api/v1/api/v1/auth/login 404 256ns" client_ip="::1" latency=256ns method=POST path=/api/v1/api/v1/auth/login status=404
time="2025-04-03 07:14:41" level=info msg="GET /swagger/index.html 200 222.37µs" client_ip="::1" latency="222.37µs" method=GET path=/swagger/index.html status=200
time="2025-04-03 07:14:41" level=info msg="GET /swagger/swagger-ui.css 200 126.622µs" client_ip="::1" latency="126.622µs" method=GET path=/swagger/swagger-ui.css status=200
time="2025-04-03 07:14:41" level=info msg="GET /swagger/swagger-ui-bundle.js 200 301.371µs" client_ip="::1" latency="301.371µs" method=GET path=/swagger/swagger-ui-bundle.js status=200
time="2025-04-03 07:14:41" level=info msg="GET /swagger/swagger-ui-standalone-preset.js 200 142.356µs" client_ip="::1" latency="142.356µs" method=GET path=/swagger/swagger-ui-standalone-preset.js status=200
time="2025-04-03 07:14:41" level=info msg="GET /swagger/doc.json 200 195.833µs" client_ip="::1" latency="195.833µs" method=GET path=/swagger/doc.json status=200
time="2025-04-03 07:14:41" level=info msg="GET /swagger/favicon-32x32.png 200 44.179µs" client_ip="::1" latency="44.179µs" method=GET path=/swagger/favicon-32x32.png status=200
time="2025-04-03 07:14:54" level=warning msg="POST /api/v1/auth/login 401 111.044µs" client_ip="::1" latency="111.044µs" method=POST path=/api/v1/auth/login status=401
time="2025-04-03 07:16:48" level=warning msg="POST /api/v1/auth/login 401 58.759µs" client_ip="::1" latency="58.759µs" method=POST path=/api/v1/auth/login status=401
time="2025-04-03 07:16:50" level=warning msg="POST /api/v1/auth/login 401 44.841µs" client_ip="::1" latency="44.841µs" method=POST path=/api/v1/auth/login status=401
time="2025-04-03 07:17:00" level=info msg="Starting graceful shutdown..."
time="2025-04-03 07:17:00" level=info msg="Disconnecting from database..."
time="2025-04-03 07:17:00" level=info msg="Graceful shutdown completed"
time="2025-04-03 07:17:12" level=info msg="Connecting to database..."
time="2025-04-03 07:17:12" level=info msg="Database connected successfully"
time="2025-04-03 07:17:12" level=info msg="Server starting on port 8088"
time="2025-04-03 07:19:53" level=info msg="Connecting to database..."
time="2025-04-03 07:19:53" level=info msg="Database connected successfully"
time="2025-04-03 07:19:53" level=info msg="Server starting on port 8088"
time="2025-04-03 07:19:57" level=warning msg="POST /api/v1/auth/login 401 729.137µs" client_ip="::1" latency="729.137µs" method=POST path=/api/v1/auth/login status=401
time="2025-04-03 07:20:14" level=info msg="Starting graceful shutdown..."
time="2025-04-03 07:20:14" level=info msg="Disconnecting from database..."
time="2025-04-03 07:20:14" level=info msg="Graceful shutdown completed"
time="2025-04-03 07:20:18" level=info msg="Connecting to database..."
time="2025-04-03 07:20:18" level=info msg="Database connected successfully"
time="2025-04-03 07:20:18" level=info msg="Server starting on port 8088"
time="2025-04-03 08:16:36" level=info msg="Connecting to database..."
time="2025-04-03 08:16:36" level=info msg="Database connected successfully"
time="2025-04-03 08:16:36" level=info msg="Server starting on port 8088"
time="2025-04-03 08:19:33" level=info msg="Connecting to database..."
time="2025-04-03 08:19:33" level=info msg="Database connected successfully"
time="2025-04-03 08:19:33" level=info msg="Server starting on port 8088"
time="2025-04-03 08:20:14" level=info msg="Connecting to database..."
time="2025-04-03 08:20:14" level=info msg="Database connected successfully"
time="2025-04-03 08:20:14" level=info msg="Server starting on port 8088"
time="2025-04-03 08:23:07" level=info msg="Connecting to database..."
time="2025-04-03 08:23:07" level=info msg="Database connected successfully"
time="2025-04-03 08:23:07" level=info msg="Server starting on port 8088"
time="2025-04-03 08:23:43" level=info msg="POST /api/v1/auth/login 200 30.990900513s" client_ip="::1" latency=30.990900513s method=POST path=/api/v1/auth/login status=200
time="2025-04-03 08:24:16" level=warning msg="GET /api/v1/users/me 401 86.363µs" client_ip="::1" latency="86.363µs" method=GET path=/api/v1/users/me status=401
time="2025-04-03 08:25:48" level=info msg="POST /api/v1/auth/login 200 14.656805201s" client_ip="::1" latency=14.656805201s method=POST path=/api/v1/auth/login status=200
time="2025-04-03 08:27:14" level=info msg="Connecting to database..."
time="2025-04-03 08:27:14" level=info msg="Database connected successfully"
time="2025-04-03 08:27:14" level=info msg="Server starting on port 8088"
time="2025-04-03 08:27:16" level=warning msg="GET /api/v1/users/me 401 66.703µs" client_ip="::1" latency="66.703µs" method=GET path=/api/v1/users/me status=401
time="2025-04-03 08:27:18" level=warning msg="GET /api/v1/users/me 401 55.995µs" client_ip="::1" latency="55.995µs" method=GET path=/api/v1/users/me status=401
time="2025-04-03 08:27:23" level=info msg="Starting graceful shutdown..."
time="2025-04-03 08:27:23" level=info msg="Disconnecting from database..."
time="2025-04-03 08:27:23" level=info msg="Graceful shutdown completed"
time="2025-04-03 08:27:27" level=info msg="Connecting to database..."
time="2025-04-03 08:27:27" level=info msg="Database connected successfully"
time="2025-04-03 08:27:27" level=info msg="Server starting on port 8088"
time="2025-04-03 09:09:50" level=info msg="Connecting to database..."
time="2025-04-03 09:09:50" level=info msg="Database connected successfully"
time="2025-04-03 09:09:50" level=info msg="Server starting on port 8088"
time="2025-04-03 09:10:48" level=warning msg="GET /api/v1/users/me 401 54.980560844s" client_ip="::1" latency=54.980560844s method=GET path=/api/v1/users/me status=401
time="2025-04-03 09:11:05" level=info msg="POST /api/v1/auth/login 200 4.749346979s" client_ip="::1" latency=4.749346979s method=POST path=/api/v1/auth/login status=200
time="2025-04-03 09:13:12" level=info msg="Connecting to database..."
time="2025-04-03 09:13:12" level=info msg="Database connected successfully"
time="2025-04-03 09:13:12" level=info msg="Server starting on port 8088"
time="2025-04-03 09:13:52" level=info msg="POST /api/v1/auth/login 200 35.228374384s" client_ip="::1" latency=35.228374384s method=POST path=/api/v1/auth/login status=200
time="2025-04-03 09:17:17" level=info msg="Connecting to database..."
time="2025-04-03 09:17:17" level=info msg="Database connected successfully"
time="2025-04-03 09:17:17" level=info msg="Server starting on port 8088"
time="2025-04-03 09:18:25" level=info msg="Connecting to database..."
time="2025-04-03 09:18:25" level=info msg="Database connected successfully"
time="2025-04-03 09:18:25" level=info msg="Server starting on port 8088"
time="2025-04-03 09:21:44" level=warning msg="GET /api/v1/users/me 401 3m15.62250759s" client_ip="::1" latency=3m15.62250759s method=GET path=/api/v1/users/me status=401
time="2025-04-03 09:24:50" level=info msg="Connecting to database..."
time="2025-04-03 09:24:50" level=info msg="Database connected successfully"
time="2025-04-03 09:24:50" level=info msg="Server starting on port 8088"
time="2025-04-03 09:24:53" level=warning msg="GET /api/v1/users/me 401 1.15286ms" client_ip="::1" latency=1.15286ms method=GET path=/api/v1/users/me status=401
time="2025-04-03 09:25:00" level=info msg="Starting graceful shutdown..."
time="2025-04-03 09:25:00" level=info msg="Disconnecting from database..."
time="2025-04-03 09:25:00" level=info msg="Graceful shutdown completed"
time="2025-04-03 09:25:04" level=info msg="Connecting to database..."
time="2025-04-03 09:25:04" level=info msg="Database connected successfully"
time="2025-04-03 09:25:04" level=info msg="Server starting on port 8088"
time="2025-04-03 09:27:55" level=info msg="Connecting to database..."
time="2025-04-03 09:27:55" level=info msg="Database connected successfully"
time="2025-04-03 09:27:55" level=info msg="Server starting on port 8088"
time="2025-04-03 09:28:57" level=info msg="Connecting to database..."
time="2025-04-03 09:28:57" level=info msg="Database connected successfully"
time="2025-04-03 09:28:57" level=info msg="Server starting on port 8088"
time="2025-04-03 09:31:08" level=info msg="Connecting to database..."
time="2025-04-03 09:31:08" level=info msg="Database connected successfully"
time="2025-04-03 09:31:08" level=info msg="Server starting on port 8088"
time="2025-04-03 09:31:27" level=info msg="GET /api/v1/users/me 200 15.834813777s" client_ip="::1" latency=15.834813777s method=GET path=/api/v1/users/me status=200
time="2025-04-03 17:04:14" level=info msg="Connecting to database..."
time="2025-04-03 17:04:14" level=info msg="Database connected successfully"
time="2025-04-03 17:04:14" level=info msg="Server starting on port 8088"
time="2025-04-03 17:04:14" level=error msg="Server error: listen tcp :8088: bind: address already in use"
time="2025-04-03 17:04:24" level=info msg="Connecting to database..."
time="2025-04-03 17:04:24" level=info msg="Database connected successfully"
time="2025-04-03 17:04:24" level=info msg="Server starting on port 8088"
time="2025-04-03 17:04:34" level=warning msg="GET /api/v1/users/me 401 184.903µs" client_ip="::1" latency="184.903µs" method=GET path=/api/v1/users/me status=401
time="2025-04-03 17:04:35" level=warning msg="GET /api/v1/users/me 401 90.224µs" client_ip="::1" latency="90.224µs" method=GET path=/api/v1/users/me status=401
time="2025-04-03 17:04:41" level=info msg="POST /api/v1/auth/login 200 1.32401ms" client_ip="::1" latency=1.32401ms method=POST path=/api/v1/auth/login status=200
time="2025-04-03 17:05:07" level=info msg="GET /api/v1/users/me 200 609.112µs" client_ip="::1" latency="609.112µs" method=GET path=/api/v1/users/me status=200
time="2025-04-03 17:06:12" level=info msg="Starting graceful shutdown..."
time="2025-04-03 17:06:12" level=info msg="Disconnecting from database..."
time="2025-04-03 17:06:12" level=info msg="Graceful shutdown completed"
time="2025-04-03 17:06:15" level=info msg="Connecting to database..."
time="2025-04-03 17:06:15" level=info msg="Database connected successfully"
time="2025-04-03 17:06:15" level=info msg="Server starting on port 8088"
time="2025-04-03 17:09:23" level=info msg="Starting graceful shutdown..."
time="2025-04-03 17:09:23" level=info msg="Disconnecting from database..."
time="2025-04-03 17:09:23" level=info msg="Graceful shutdown completed"
time="2025-04-03 17:09:26" level=info msg="Connecting to database..."
time="2025-04-03 17:09:26" level=info msg="Database connected successfully"
time="2025-04-03 17:09:26" level=info msg="Server starting on port 8088"
time="2025-04-03 17:09:28" level=info msg="GET /api/v1/users/me 200 908.316µs" client_ip="::1" latency="908.316µs" method=GET path=/api/v1/users/me status=200
time="2025-04-03 17:09:41" level=warning msg="GET /api/v1/users/workspace 401 1.278817ms" client_ip="::1" latency=1.278817ms method=GET path=/api/v1/users/workspace status=401
time="2025-04-03 17:10:19" level=info msg="Starting graceful shutdown..."
time="2025-04-03 17:10:19" level=info msg="Disconnecting from database..."
time="2025-04-03 17:10:19" level=info msg="Graceful shutdown completed"
time="2025-04-03 17:10:20" level=info msg="Connecting to database..."
time="2025-04-03 17:10:20" level=info msg="Database connected successfully"
time="2025-04-03 17:10:20" level=info msg="Server starting on port 8088"
time="2025-04-03 17:10:22" level=info msg="GET /api/v1/users/workspace 200 1.397876ms" client_ip="::1" latency=1.397876ms method=GET path=/api/v1/users/workspace status=200
time="2025-04-03 17:11:21" level=info msg="Starting graceful shutdown..."
time="2025-04-03 17:11:21" level=info msg="Disconnecting from database..."
time="2025-04-03 17:11:21" level=info msg="Graceful shutdown completed"
time="2025-04-03 17:11:26" level=info msg="Connecting to database..."
time="2025-04-03 17:11:26" level=info msg="Database connected successfully"
time="2025-04-03 17:11:26" level=info msg="Server starting on port 8088"
time="2025-04-03 17:12:17" level=info msg="GET /api/v1/users/workspace 200 36.955459254s" client_ip="::1" latency=36.955459254s method=GET path=/api/v1/users/workspace status=200
time="2025-04-03 17:15:55" level=info msg="Connecting to database..."
time="2025-04-03 17:15:55" level=info msg="Database connected successfully"
time="2025-04-03 17:15:55" level=info msg="Server starting on port 8088"
time="2025-04-03 17:17:26" level=info msg="Connecting to database..."
time="2025-04-03 17:17:27" level=info msg="Database connected successfully"
time="2025-04-03 17:17:27" level=info msg="Server starting on port 8088"
time="2025-04-03 17:18:49" level=info msg="Connecting to database..."
time="2025-04-03 17:18:49" level=info msg="Database connected successfully"
time="2025-04-03 17:18:49" level=info msg="Server starting on port 8088"
time="2025-04-03 17:20:40" level=info msg="Connecting to database..."
time="2025-04-03 17:20:40" level=info msg="Database connected successfully"
time="2025-04-03 17:20:40" level=info msg="Server starting on port 8088"
time="2025-04-03 17:22:20" level=info msg="Connecting to database..."
time="2025-04-03 17:22:20" level=info msg="Database connected successfully"
time="2025-04-03 17:22:20" level=info msg="Server starting on port 8088"
time="2025-04-03 17:22:26" level=info msg="GET /api/v1/users/me 200 1.448594ms" client_ip="::1" latency=1.448594ms method=GET path=/api/v1/users/me status=200
time="2025-04-03 17:22:52" level=info msg="GET /api/v1/users/workspace 200 22.943874879s" client_ip="::1" latency=22.943874879s method=GET path=/api/v1/users/workspace status=200
time="2025-04-03 17:23:45" level=warning msg="GET /api/v1/tasks/assigned?page=1&limit=10 400 1.440543ms" client_ip="::1" latency=1.440543ms method=GET path="/api/v1/tasks/assigned?page=1&limit=10" status=400
time="2025-04-03 17:40:29" level=info msg="Connecting to database..."
time="2025-04-03 17:40:29" level=info msg="Database connected successfully"
time="2025-04-03 17:40:29" level=info msg="Server starting on port 8088"
time="2025-04-03 17:40:31" level=warning msg="GET /api/v1/tasks/assigned?page=1&limit=10 400 1.876729ms" client_ip="::1" latency=1.876729ms method=GET path="/api/v1/tasks/assigned?page=1&limit=10" status=400
time="2025-04-03 17:40:32" level=warning msg="GET /api/v1/tasks/assigned?page=1&limit=10 400 1.585514ms" client_ip="::1" latency=1.585514ms method=GET path="/api/v1/tasks/assigned?page=1&limit=10" status=400
time="2025-04-03 17:43:46" level=info msg="Connecting to database..."
time="2025-04-03 17:43:46" level=info msg="Database connected successfully"
time="2025-04-03 17:43:46" level=info msg="Server starting on port 8088"
time="2025-04-03 17:43:49" level=warning msg="GET /api/v1/tasks/assigned?page=1&limit=10 400 1.760434ms" client_ip="::1" latency=1.760434ms method=GET path="/api/v1/tasks/assigned?page=1&limit=10" status=400
time="2025-04-03 17:45:14" level=info msg="Connecting to database..."
time="2025-04-03 17:45:15" level=info msg="Database connected successfully"
time="2025-04-03 17:45:15" level=info msg="Server starting on port 8088"
time="2025-04-03 17:45:15" level=warning msg="GET /api/v1/tasks/assigned?page=1&limit=10 400 1.926727ms" client_ip="::1" latency=1.926727ms method=GET path="/api/v1/tasks/assigned?page=1&limit=10" status=400
time="2025-04-03 17:47:46" level=info msg="Connecting to database..."
time="2025-04-03 17:47:46" level=info msg="Database connected successfully"
time="2025-04-03 17:47:46" level=info msg="Server starting on port 8088"
time="2025-04-03 17:47:50" level=info msg="Connecting to database..."
time="2025-04-03 17:47:50" level=info msg="Database connected successfully"
time="2025-04-03 17:47:50" level=info msg="Server starting on port 8088"
time="2025-04-03 17:49:17" level=warning msg="GET /api/v1/tasks/assigned?page=1&limit=10 400 1m16.860341211s" client_ip="::1" latency=1m16.860341211s method=GET path="/api/v1/tasks/assigned?page=1&limit=10" status=400
time="2025-04-03 17:49:33" level=info msg="POST /api/v1/auth/login 200 3.958733941s" client_ip="::1" latency=3.958733941s method=POST path=/api/v1/auth/login status=200
time="2025-04-03 17:49:59" level=info msg="GET /api/v1/users/me 200 857.656µs" client_ip="::1" latency="857.656µs" method=GET path=/api/v1/users/me status=200
time="2025-04-03 17:50:58" level=info msg="Connecting to database..."
time="2025-04-03 17:50:58" level=info msg="Database connected successfully"
time="2025-04-03 17:50:58" level=info msg="Server starting on port 8088"
time="2025-04-03 17:52:21" level=info msg="Connecting to database..."
time="2025-04-03 17:52:21" level=info msg="Database connected successfully"
time="2025-04-03 17:52:22" level=info msg="Server starting on port 8088"
time="2025-04-03 17:53:25" level=info msg="Connecting to database..."
time="2025-04-03 17:53:25" level=info msg="Database connected successfully"
time="2025-04-03 17:53:25" level=info msg="Server starting on port 8088"
time="2025-04-03 17:53:38" level=warning msg="GET /api/v1/tasks/filter 404 82ns" client_ip="::1" latency=82ns method=GET path=/api/v1/tasks/filter status=404
time="2025-04-03 17:54:37" level=info msg="Connecting to database..."
time="2025-04-03 17:54:37" level=info msg="Database connected successfully"
time="2025-04-03 17:54:37" level=info msg="Server starting on port 8088"
time="2025-04-03 17:56:11" level=info msg="Connecting to database..."
time="2025-04-03 17:56:11" level=info msg="Database connected successfully"
time="2025-04-03 17:56:11" level=info msg="Server starting on port 8088"
time="2025-04-03 17:56:19" level=warning msg="GET /api/v1/tasks/filter 400 2.955886951s" client_ip="::1" latency=2.955886951s method=GET path=/api/v1/tasks/filter status=400
time="2025-04-03 17:57:01" level=info msg="Connecting to database..."
time="2025-04-03 17:57:02" level=info msg="Database connected successfully"
time="2025-04-03 17:57:02" level=info msg="Server starting on port 8088"
time="2025-04-03 17:59:26" level=info msg="Connecting to database..."
time="2025-04-03 17:59:26" level=info msg="Database connected successfully"
time="2025-04-03 17:59:26" level=info msg="Server starting on port 8088"
time="2025-04-03 18:07:17" level=info msg="Connecting to database..."
time="2025-04-03 18:07:17" level=info msg="Database connected successfully"
time="2025-04-03 18:07:17" level=info msg="Server starting on port 8088"
time="2025-04-03 18:15:11" level=info msg="Connecting to database..."
time="2025-04-03 18:15:12" level=info msg="Database connected successfully"
time="2025-04-03 18:15:12" level=info msg="Server starting on port 8088"
time="2025-04-03 18:15:24" level=warning msg="GET /api/v1/tasks/filter 400 2.812422841s" client_ip="::1" latency=2.812422841s method=GET path=/api/v1/tasks/filter status=400
time="2025-04-03 18:16:39" level=info msg="Connecting to database..."
time="2025-04-03 18:16:39" level=info msg="Database connected successfully"
time="2025-04-03 18:16:39" level=info msg="Server starting on port 8088"
time="2025-04-03 18:17:18" level=warning msg="GET /api/v1/tasks/filter 400 37.676649225s" client_ip="::1" latency=37.676649225s method=GET path=/api/v1/tasks/filter status=400
