time="2025-06-26 12:12:03" level=info msg="Connecting to database..."
time="2025-06-26 12:12:03" level=info msg="Database connected successfully"
time="2025-06-26 12:12:03" level=info msg="Weaviate live status: true"
time="2025-06-26 12:12:03" level=info msg="redis connected successfully"
time="2025-06-26 12:12:11" level=info msg="Server starting on port 8088"
time="2025-06-26 12:12:13" level=warning msg="POST /api/v1/documents/upload 401 219.957µs" client_ip="::1" latency="219.957µs" method=POST path=/api/v1/documents/upload status=401
time="2025-06-26 12:12:14" level=warning msg="POST /api/v1/documents/upload 401 125.556µs" client_ip="::1" latency="125.556µs" method=POST path=/api/v1/documents/upload status=401
time="2025-06-26 12:12:15" level=warning msg="POST /api/v1/documents/upload 401 150.684µs" client_ip="::1" latency="150.684µs" method=POST path=/api/v1/documents/upload status=401
time="2025-06-26 12:12:17" level=warning msg="POST /api/v1/documents/upload 401 143.341µs" client_ip="::1" latency="143.341µs" method=POST path=/api/v1/documents/upload status=401
time="2025-06-26 12:12:17" level=warning msg="POST /api/v1/documents/upload 401 123.691µs" client_ip="::1" latency="123.691µs" method=POST path=/api/v1/documents/upload status=401
time="2025-06-26 12:12:18" level=warning msg="POST /api/v1/documents/upload 401 115.389µs" client_ip="::1" latency="115.389µs" method=POST path=/api/v1/documents/upload status=401
time="2025-06-26 12:12:18" level=warning msg="POST /api/v1/documents/upload 401 124.608µs" client_ip="::1" latency="124.608µs" method=POST path=/api/v1/documents/upload status=401
time="2025-06-26 12:13:21" level=info msg="Connecting to database..."
time="2025-06-26 12:13:21" level=info msg="Database connected successfully"
time="2025-06-26 12:13:21" level=info msg="Weaviate live status: true"
time="2025-06-26 12:13:21" level=info msg="redis connected successfully"
time="2025-06-26 12:13:38" level=info msg="Server starting on port 8088"
time="2025-06-26 12:15:15" level=info msg="Connecting to database..."
time="2025-06-26 12:15:15" level=info msg="Database connected successfully"
time="2025-06-26 12:15:15" level=info msg="Weaviate live status: true"
time="2025-06-26 12:15:15" level=info msg="redis connected successfully"
time="2025-06-26 12:15:18" level=info msg="Server starting on port 8088"
time="2025-06-26 20:11:00" level=info msg="Connecting to database..."
time="2025-06-26 20:11:00" level=info msg="Database connected successfully"
time="2025-06-26 20:11:00" level=info msg="Weaviate live status: true"
time="2025-06-26 20:11:00" level=info msg="redis connected successfully"
time="2025-06-26 20:11:00" level=info msg="Server starting on port 8088"
time="2025-06-26 20:11:02" level=info msg="GET /swagger/index.html 200 318.965µs" client_ip="::1" latency="318.965µs" method=GET path=/swagger/index.html status=200
time="2025-06-26 20:11:03" level=info msg="GET /swagger/favicon-32x32.png 200 93.625µs" client_ip="::1" latency="93.625µs" method=GET path=/swagger/favicon-32x32.png status=200
time="2025-06-26 20:11:26" level=info msg="POST /api/v1/auth/login 200 5.42566ms" client_ip="::1" latency=5.42566ms method=POST path=/api/v1/auth/login status=200
time="2025-06-26 20:20:32" level=info msg="Connecting to database..."
time="2025-06-26 20:20:32" level=info msg="Database connected successfully"
time="2025-06-26 20:20:32" level=info msg="Weaviate live status: true"
time="2025-06-26 20:20:32" level=info msg="redis connected successfully"
time="2025-06-26 20:20:32" level=info msg="Server starting on port 8088"
time="2025-06-26 20:21:43" level=info msg="Connecting to database..."
time="2025-06-26 20:21:43" level=info msg="Database connected successfully"
time="2025-06-26 20:21:43" level=info msg="Weaviate live status: true"
time="2025-06-26 20:21:43" level=info msg="redis connected successfully"
time="2025-06-26 20:24:34" level=info msg="Server starting on port 8088"
time="2025-06-26 20:24:58" level=info msg="Connecting to database..."
time="2025-06-26 20:24:58" level=info msg="Database connected successfully"
time="2025-06-26 20:24:58" level=info msg="Weaviate live status: true"
time="2025-06-26 20:24:58" level=info msg="redis connected successfully"
time="2025-06-26 20:25:00" level=info msg="Server starting on port 8088"
time="2025-06-26 20:27:23" level=info msg="Connecting to database..."
time="2025-06-26 20:27:23" level=info msg="Database connected successfully"
time="2025-06-26 20:27:23" level=info msg="Weaviate live status: true"
time="2025-06-26 20:27:23" level=info msg="redis connected successfully"
time="2025-06-26 20:27:27" level=info msg="Server starting on port 8088"
time="2025-06-26 20:32:48" level=info msg="Connecting to database..."
time="2025-06-26 20:32:48" level=info msg="Database connected successfully"
time="2025-06-26 20:32:48" level=info msg="Weaviate live status: true"
time="2025-06-26 20:32:48" level=info msg="redis connected successfully"
time="2025-06-26 20:32:48" level=info msg="Server starting on port 8088"
time="2025-06-26 20:33:34" level=info msg="POST /api/v1/documents/upload 200 41.927755937s" client_ip="::1" latency=41.927755937s method=POST path=/api/v1/documents/upload status=200
time="2025-06-26 20:34:27" level=info msg="POST /api/v1/documents/search 200 24.960508397s" client_ip="::1" latency=24.960508397s method=POST path=/api/v1/documents/search status=200
time="2025-06-26 20:36:04" level=info msg="POST /api/v1/documents/search 200 5.424337745s" client_ip="::1" latency=5.424337745s method=POST path=/api/v1/documents/search status=200
time="2025-06-26 20:36:11" level=info msg="POST /api/v1/documents/search 200 62.163141ms" client_ip="::1" latency=62.163141ms method=POST path=/api/v1/documents/search status=200
time="2025-06-26 20:53:06" level=info msg="Connecting to database..."
time="2025-06-26 20:53:06" level=info msg="Database connected successfully"
time="2025-06-26 20:53:06" level=info msg="Weaviate live status: true"
time="2025-06-26 20:53:06" level=info msg="redis connected successfully"
time="2025-06-26 20:53:06" level=info msg="Server starting on port 8088"
time="2025-06-26 20:53:24" level=info msg="POST /api/v1/documents/upload 200 5.446519335s" client_ip="::1" latency=5.446519335s method=POST path=/api/v1/documents/upload status=200
time="2025-06-26 20:53:29" level=error msg="POST /api/v1/documents/search 500 4.178848ms" client_ip="::1" latency=4.178848ms method=POST path=/api/v1/documents/search status=500
time="2025-06-26 20:53:34" level=error msg="POST /api/v1/documents/search 500 2.717763ms" client_ip="::1" latency=2.717763ms method=POST path=/api/v1/documents/search status=500
time="2025-06-26 20:54:11" level=info msg="Starting graceful shutdown..."
time="2025-06-26 20:54:11" level=info msg="Disconnecting from database..."
time="2025-06-26 20:54:11" level=info msg="Graceful shutdown completed"
time="2025-06-26 20:54:18" level=info msg="Connecting to database..."
time="2025-06-26 20:54:18" level=info msg="Database connected successfully"
time="2025-06-26 20:54:18" level=info msg="Weaviate live status: true"
time="2025-06-26 20:54:18" level=info msg="redis connected successfully"
time="2025-06-26 20:54:18" level=info msg="Server starting on port 8088"
time="2025-06-26 20:54:33" level=info msg="POST /api/v1/documents/upload 200 8.082977474s" client_ip="::1" latency=8.082977474s method=POST path=/api/v1/documents/upload status=200
time="2025-06-26 20:56:24" level=info msg="Connecting to database..."
time="2025-06-26 20:56:24" level=info msg="Database connected successfully"
time="2025-06-26 20:56:24" level=info msg="Weaviate live status: true"
time="2025-06-26 20:56:24" level=info msg="redis connected successfully"
time="2025-06-26 20:56:24" level=info msg="Server starting on port 8088"
time="2025-06-26 20:56:53" level=info msg="POST /api/v1/documents/upload 200 25.196842389s" client_ip="::1" latency=25.196842389s method=POST path=/api/v1/documents/upload status=200
time="2025-06-26 20:56:58" level=info msg="POST /api/v1/documents/search 200 38.826181ms" client_ip="::1" latency=38.826181ms method=POST path=/api/v1/documents/search status=200
time="2025-06-26 20:57:51" level=info msg="POST /api/v1/documents/search 200 151.393134ms" client_ip="::1" latency=151.393134ms method=POST path=/api/v1/documents/search status=200
time="2025-06-26 20:58:53" level=info msg="POST /api/v1/documents/search 200 244.048989ms" client_ip="::1" latency=244.048989ms method=POST path=/api/v1/documents/search status=200
time="2025-06-26 20:59:05" level=info msg="POST /api/v1/documents/search 200 43.223134ms" client_ip="::1" latency=43.223134ms method=POST path=/api/v1/documents/search status=200
time="2025-06-26 20:59:18" level=info msg="POST /api/v1/documents/search 200 172.897155ms" client_ip="::1" latency=172.897155ms method=POST path=/api/v1/documents/search status=200
time="2025-06-26 20:59:31" level=info msg="POST /api/v1/documents/search 200 157.940666ms" client_ip="::1" latency=157.940666ms method=POST path=/api/v1/documents/search status=200
time="2025-06-26 21:02:03" level=info msg="Starting graceful shutdown..."
time="2025-06-26 21:02:03" level=info msg="Disconnecting from database..."
time="2025-06-26 21:02:03" level=info msg="Graceful shutdown completed"
time="2025-06-26 21:02:11" level=info msg="Connecting to database..."
time="2025-06-26 21:02:11" level=info msg="Database connected successfully"
time="2025-06-26 21:02:11" level=info msg="Weaviate live status: true"
time="2025-06-26 21:02:11" level=info msg="redis connected successfully"
time="2025-06-26 21:02:11" level=info msg="Server starting on port 8088"
time="2025-06-26 21:03:15" level=info msg="POST /api/v1/documents/upload 200 58.965068357s" client_ip="::1" latency=58.965068357s method=POST path=/api/v1/documents/upload status=200
time="2025-06-26 21:03:47" level=info msg="POST /api/v1/documents/search 200 97.734898ms" client_ip="::1" latency=97.734898ms method=POST path=/api/v1/documents/search status=200
time="2025-06-26 21:04:24" level=info msg="POST /api/v1/documents/search 200 216.049044ms" client_ip="::1" latency=216.049044ms method=POST path=/api/v1/documents/search status=200
time="2025-06-26 21:04:33" level=info msg="POST /api/v1/documents/search 200 120.70428ms" client_ip="::1" latency=120.70428ms method=POST path=/api/v1/documents/search status=200
time="2025-06-26 21:04:41" level=info msg="POST /api/v1/documents/search 200 212.263299ms" client_ip="::1" latency=212.263299ms method=POST path=/api/v1/documents/search status=200
time="2025-06-26 21:05:03" level=info msg="POST /api/v1/documents/upload 200 3.355775169s" client_ip="::1" latency=3.355775169s method=POST path=/api/v1/documents/upload status=200
time="2025-06-26 22:56:35" level=info msg="Starting graceful shutdown..."
time="2025-06-26 22:56:35" level=info msg="Disconnecting from database..."
time="2025-06-26 22:56:35" level=info msg="Graceful shutdown completed"
