time="2025-04-02 11:15:21" level=info msg="Server starting on port 8082"
time="2025-04-02 11:15:38" level=info msg="GET /swagger/index.html 200 241.815µs" client_ip="::1" latency="241.815µs" method=GET path=/swagger/index.html status=200
time="2025-04-02 11:15:38" level=info msg="GET /swagger/swagger-ui.css 200 133.557µs" client_ip="::1" latency="133.557µs" method=GET path=/swagger/swagger-ui.css status=200
time="2025-04-02 11:15:38" level=info msg="GET /swagger/swagger-ui-standalone-preset.js 200 149.413µs" client_ip="::1" latency="149.413µs" method=GET path=/swagger/swagger-ui-standalone-preset.js status=200
time="2025-04-02 11:15:38" level=info msg="GET /swagger/swagger-ui-bundle.js 200 333.546µs" client_ip="::1" latency="333.546µs" method=GET path=/swagger/swagger-ui-bundle.js status=200
time="2025-04-02 11:15:38" level=info msg="GET /swagger/doc.json 200 177.002µs" client_ip="::1" latency="177.002µs" method=GET path=/swagger/doc.json status=200
time="2025-04-02 11:16:09" level=warning msg="POST /api/v1/auth/login 404 802ns" client_ip="::1" latency=802ns method=POST path=/api/v1/auth/login status=404
time="2025-04-02 11:17:24" level=info msg="Starting graceful shutdown..."
time="2025-04-02 11:17:24" level=info msg="Graceful shutdown completed"
time="2025-04-02 15:52:08" level=info msg="Server starting on port 8082"
time="2025-04-02 15:52:47" level=info msg="Starting graceful shutdown..."
time="2025-04-02 15:52:47" level=info msg="Graceful shutdown completed"
time="2025-04-02 15:53:19" level=info msg="Server starting on port 8082"
time="2025-04-02 15:53:46" level=info msg="Starting graceful shutdown..."
time="2025-04-02 15:53:46" level=info msg="Graceful shutdown completed"
time="2025-04-02 15:53:48" level=info msg="Server starting on port 8082"
time="2025-04-02 15:54:07" level=info msg="Starting graceful shutdown..."
time="2025-04-02 15:54:07" level=info msg="Graceful shutdown completed"
time="2025-04-02 15:54:08" level=info msg="Server starting on port 8082"
time="2025-04-02 15:55:25" level=info msg="Starting graceful shutdown..."
time="2025-04-02 15:55:25" level=info msg="Graceful shutdown completed"
time="2025-04-02 15:55:26" level=info msg="Server starting on port 8082"
time="2025-04-02 15:55:31" level=info msg="Starting graceful shutdown..."
time="2025-04-02 15:55:31" level=info msg="Graceful shutdown completed"
time="2025-04-02 15:58:29" level=info msg="Server starting on port 8082"
time="2025-04-02 15:58:38" level=info msg="Starting graceful shutdown..."
time="2025-04-02 15:58:38" level=info msg="Graceful shutdown completed"
time="2025-04-02 15:58:39" level=info msg="Server starting on port 8082"
time="2025-04-02 15:59:40" level=info msg="Starting graceful shutdown..."
time="2025-04-02 15:59:40" level=info msg="Graceful shutdown completed"
time="2025-04-02 15:59:49" level=info msg="Server starting on port 8082"
time="2025-04-02 15:59:52" level=info msg="Starting graceful shutdown..."
time="2025-04-02 15:59:52" level=info msg="Graceful shutdown completed"
time="2025-04-02 16:05:02" level=info msg="Server starting on port 8082"
time="2025-04-02 16:05:35" level=info msg="Starting graceful shutdown..."
time="2025-04-02 16:05:35" level=info msg="Graceful shutdown completed"
time="2025-04-02 16:05:36" level=info msg="Server starting on port 8082"
time="2025-04-02 16:05:47" level=info msg="Starting graceful shutdown..."
time="2025-04-02 16:05:47" level=info msg="Graceful shutdown completed"
time="2025-04-02 16:05:48" level=info msg="Server starting on port 8082"
time="2025-04-02 16:05:53" level=info msg="Starting graceful shutdown..."
time="2025-04-02 16:05:53" level=info msg="Graceful shutdown completed"
time="2025-04-02 16:13:36" level=info msg="Server starting on port 8082"
time="2025-04-02 16:15:55" level=info msg="Server starting on port 8082"
time="2025-04-02 16:16:00" level=info msg="Starting graceful shutdown..."
time="2025-04-02 16:16:00" level=info msg="Graceful shutdown completed"
time="2025-04-02 16:17:45" level=info msg="Server starting on port 8082"
time="2025-04-02 16:17:49" level=info msg="Starting graceful shutdown..."
time="2025-04-02 16:17:49" level=info msg="Graceful shutdown completed"
time="2025-04-02 16:46:29" level=info msg="Server starting on port 8082"
time="2025-04-02 16:46:36" level=info msg="Starting graceful shutdown..."
time="2025-04-02 16:46:36" level=info msg="Graceful shutdown completed"
time="2025-04-02 16:46:58" level=info msg="Server starting on port 8082"
time="2025-04-02 16:47:03" level=info msg="Starting graceful shutdown..."
time="2025-04-02 16:47:03" level=info msg="Graceful shutdown completed"
time="2025-04-02 18:16:04" level=info msg="Server starting on port 9090"
time="2025-04-02 18:16:21" level=info msg="Starting graceful shutdown..."
time="2025-04-02 18:16:21" level=info msg="Graceful shutdown completed"
time="2025-04-02 18:21:24" level=info msg="Server starting on port 9090"
time="2025-04-02 18:21:31" level=info msg="Starting graceful shutdown..."
time="2025-04-02 18:21:31" level=info msg="Graceful shutdown completed"
time="2025-04-02 18:24:29" level=info msg="Server starting on port 9090"
time="2025-04-02 18:24:38" level=info msg="Starting graceful shutdown..."
time="2025-04-02 18:24:38" level=info msg="Graceful shutdown completed"
time="2025-04-02 18:25:22" level=info msg="Server starting on port 9090"
time="2025-04-02 18:27:03" level=info msg="Starting graceful shutdown..."
time="2025-04-02 18:27:03" level=info msg="Graceful shutdown completed"
time="2025-04-02 18:27:05" level=info msg="Server starting on port 9090"
time="2025-04-02 18:27:09" level=info msg="Starting graceful shutdown..."
time="2025-04-02 18:27:09" level=info msg="Graceful shutdown completed"
