time="2025-06-24 22:01:34" level=info msg="Connecting to database..."
time="2025-06-24 22:04:31" level=info msg="Connecting to database..."
time="2025-06-24 22:04:31" level=info msg="Database connected successfully"
time="2025-06-24 22:04:31" level=info msg="Weaviate live status: true"
time="2025-06-24 22:04:31" level=fatal msg="error connect to redis database"
time="2025-06-24 22:15:41" level=info msg="Connecting to database..."
time="2025-06-24 22:15:41" level=info msg="Database connected successfully"
time="2025-06-24 22:15:41" level=info msg="Weaviate live status: true"
time="2025-06-24 22:15:41" level=fatal msg="error connect to redis database"
time="2025-06-24 22:16:37" level=info msg="Connecting to database..."
time="2025-06-24 22:16:37" level=info msg="Database connected successfully"
time="2025-06-24 22:16:37" level=info msg="Weaviate live status: true"
time="2025-06-24 22:16:37" level=info msg="redis connected successfully"
time="2025-06-24 22:16:38" level=info msg="Server starting on port 8088"
time="2025-06-24 22:16:46" level=info msg="Starting graceful shutdown..."
time="2025-06-24 22:16:46" level=info msg="Disconnecting from database..."
time="2025-06-24 22:16:46" level=info msg="Graceful shutdown completed"
time="2025-06-24 22:23:28" level=info msg="Connecting to database..."
time="2025-06-24 22:23:28" level=info msg="Database connected successfully"
time="2025-06-24 22:23:28" level=info msg="Weaviate live status: true"
time="2025-06-24 22:23:28" level=info msg="redis connected successfully"
time="2025-06-24 22:23:28" level=info msg="Server starting on port 8088"
time="2025-06-24 22:24:08" level=info msg="GET /swagger/index.html 200 259.2µs" client_ip="::1" latency="259.2µs" method=GET path=/swagger/index.html status=200
time="2025-06-24 22:24:08" level=info msg="GET /swagger/swagger-ui.css 200 335.651µs" client_ip="::1" latency="335.651µs" method=GET path=/swagger/swagger-ui.css status=200
time="2025-06-24 22:24:08" level=info msg="GET /swagger/swagger-ui-standalone-preset.js 200 487.777µs" client_ip="::1" latency="487.777µs" method=GET path=/swagger/swagger-ui-standalone-preset.js status=200
time="2025-06-24 22:24:08" level=info msg="GET /swagger/swagger-ui-bundle.js 200 1.703614ms" client_ip="::1" latency=1.703614ms method=GET path=/swagger/swagger-ui-bundle.js status=200
time="2025-06-24 22:24:08" level=info msg="GET /swagger/favicon-32x32.png 200 41.824µs" client_ip="::1" latency="41.824µs" method=GET path=/swagger/favicon-32x32.png status=200
time="2025-06-24 22:24:08" level=info msg="GET /swagger/doc.json 200 262.292µs" client_ip="::1" latency="262.292µs" method=GET path=/swagger/doc.json status=200
time="2025-06-24 22:24:19" level=info msg="POST /api/v1/auth/login 200 2.014925ms" client_ip="::1" latency=2.014925ms method=POST path=/api/v1/auth/login status=200
time="2025-06-24 22:25:19" level=info msg="POST /api/v1/assistant/chat-stateless 200 120.484µs" client_ip="::1" latency="120.484µs" method=POST path=/api/v1/assistant/chat-stateless status=200
time="2025-06-24 22:25:29" level=info msg="Starting graceful shutdown..."
time="2025-06-24 22:25:29" level=info msg="Disconnecting from database..."
time="2025-06-24 22:25:29" level=info msg="Graceful shutdown completed"
time="2025-06-24 22:25:36" level=info msg="Connecting to database..."
time="2025-06-24 22:25:36" level=info msg="Database connected successfully"
time="2025-06-24 22:25:36" level=info msg="Weaviate live status: true"
time="2025-06-24 22:25:36" level=info msg="redis connected successfully"
time="2025-06-24 22:25:36" level=info msg="Server starting on port 8088"
time="2025-06-24 22:25:54" level=info msg="POST /api/v1/assistant/chat-stateless 200 8.15802605s" client_ip="::1" latency=8.15802605s method=POST path=/api/v1/assistant/chat-stateless status=200
time="2025-06-24 22:30:46" level=error msg="POST /api/v1/documents/demo-load-text 500 91.443471ms" client_ip="::1" latency=91.443471ms method=POST path=/api/v1/documents/demo-load-text status=500
time="2025-06-24 22:32:03" level=error msg="POST /api/v1/documents/demo-load-text 500 53.174213ms" client_ip="::1" latency=53.174213ms method=POST path=/api/v1/documents/demo-load-text status=500
time="2025-06-24 22:32:41" level=info msg="Starting graceful shutdown..."
time="2025-06-24 22:32:41" level=info msg="Disconnecting from database..."
time="2025-06-24 22:32:41" level=info msg="Graceful shutdown completed"
time="2025-06-24 22:36:37" level=info msg="Connecting to database..."
time="2025-06-24 22:36:37" level=info msg="Database connected successfully"
time="2025-06-24 22:36:37" level=info msg="Weaviate live status: true"
time="2025-06-24 22:36:37" level=info msg="redis connected successfully"
time="2025-06-24 22:36:37" level=info msg="Server starting on port 8088"
time="2025-06-24 22:36:47" level=info msg="POST /api/v1/documents/demo-load-text 200 131.230267ms" client_ip="::1" latency=131.230267ms method=POST path=/api/v1/documents/demo-load-text status=200
time="2025-06-24 22:37:24" level=info msg="POST /api/v1/documents/demo-load-text 200 21.743480196s" client_ip="::1" latency=21.743480196s method=POST path=/api/v1/documents/demo-load-text status=200
time="2025-06-24 22:38:58" level=info msg="POST /api/v1/documents/upload 200 5.106894716s" client_ip="::1" latency=5.106894716s method=POST path=/api/v1/documents/upload status=200
time="2025-06-24 22:40:05" level=error msg="POST /api/v1/documents/search 500 7.331544ms" client_ip="::1" latency=7.331544ms method=POST path=/api/v1/documents/search status=500
time="2025-06-24 22:40:07" level=error msg="POST /api/v1/documents/search 500 2.557748ms" client_ip="::1" latency=2.557748ms method=POST path=/api/v1/documents/search status=500
time="2025-06-24 22:40:21" level=error msg="POST /api/v1/documents/search 500 2.930821ms" client_ip="::1" latency=2.930821ms method=POST path=/api/v1/documents/search status=500
time="2025-06-24 22:40:26" level=info msg="Starting graceful shutdown..."
time="2025-06-24 22:40:26" level=info msg="Disconnecting from database..."
time="2025-06-24 22:40:26" level=info msg="Graceful shutdown completed"
time="2025-06-24 22:42:41" level=info msg="Connecting to database..."
time="2025-06-24 22:42:41" level=info msg="Database connected successfully"
time="2025-06-24 22:42:41" level=info msg="Weaviate live status: true"
time="2025-06-24 22:42:41" level=info msg="redis connected successfully"
time="2025-06-24 22:42:41" level=info msg="Server starting on port 8088"
time="2025-06-24 22:45:31" level=info msg="Connecting to database..."
time="2025-06-24 22:45:31" level=info msg="Database connected successfully"
time="2025-06-24 22:45:31" level=info msg="Weaviate live status: true"
time="2025-06-24 22:45:31" level=info msg="redis connected successfully"
time="2025-06-24 22:45:31" level=info msg="Server starting on port 8088"
time="2025-06-24 22:51:39" level=error msg="POST /api/v1/documents/search 500 5m53.902771922s" client_ip="::1" latency=5m53.902771922s method=POST path=/api/v1/documents/search status=500
time="2025-06-24 22:56:05" level=info msg="Connecting to database..."
time="2025-06-24 22:56:05" level=info msg="Database connected successfully"
time="2025-06-24 22:56:05" level=info msg="Weaviate live status: true"
time="2025-06-24 22:56:05" level=info msg="redis connected successfully"
time="2025-06-24 22:56:05" level=info msg="Server starting on port 8088"
